

================================================================
== Vivado HLS Report for 'calc'
================================================================
* Date:           Wed Jun  5 13:50:08 2019

* Version:        2019.1 (Build 2552052 on Fri May 24 15:28:33 MDT 2019)
* Project:        mandelbrotHLS
* Solution:       AXI
* Product family: artix7
* Target device:  xc7a100t-csg324-1


================================================================
== Performance Estimates
================================================================
+ Timing (ns): 
    * Summary: 
    +--------+-------+----------+------------+
    |  Clock | Target| Estimated| Uncertainty|
    +--------+-------+----------+------------+
    |ap_clk  |   6.00|     5.250|        0.75|
    +--------+-------+----------+------------+

+ Latency (clock cycles): 
    * Summary: 
    +---------+-------------+---------+-------------+---------+
    |        Latency        |        Interval       | Pipeline|
    |   min   |     max     |   min   |     max     |   Type  |
    +---------+-------------+---------+-------------+---------+
    |  3247151|  14539775087|  3247151|  14539775087|   none  |
    +---------+-------------+---------+-------------+---------+

    + Detail: 
        * Instance: 
        +------------------------+-------------+-----+-------+-----+-------+---------+
        |                        |             |   Latency   |   Interval  | Pipeline|
        |        Instance        |    Module   | min |  max  | min |  max  |   Type  |
        +------------------------+-------------+-----+-------+-----+-------+---------+
        |grp_mandel_calc_fu_469  |mandel_calc  |   22|  42043|   22|  42043|   none  |
        |grp_mandel_calc_fu_477  |mandel_calc  |   22|  42043|   22|  42043|   none  |
        |grp_mandel_calc_fu_485  |mandel_calc  |   22|  42043|   22|  42043|   none  |
        |grp_mandel_calc_fu_493  |mandel_calc  |   22|  42043|   22|  42043|   none  |
        |grp_mandel_calc_fu_509  |mandel_calc  |   22|  42043|   22|  42043|   none  |
        |grp_mandel_calc_fu_501  |mandel_calc  |   22|  42043|   22|  42043|   none  |
        |grp_mandel_calc_fu_453  |mandel_calc  |   22|  42043|   22|  42043|   none  |
        |grp_mandel_calc_fu_461  |mandel_calc  |   22|  42043|   22|  42043|   none  |
        +------------------------+-------------+-----+-------+-----+-------+---------+

        * Loop: 
        +--------------+---------+-------------+-----------------+-----------+-----------+------------+----------+
        |              |        Latency        |    Iteration    |  Initiation Interval  |    Trip    |          |
        |   Loop Name  |   min   |     max     |     Latency     |  achieved |   target  |    Count   | Pipelined|
        +--------------+---------+-------------+-----------------+-----------+-----------+------------+----------+
        |- y_for       |  3247104|  14539775040| 4228 ~ 10097066 |          -|          -| 768 ~ 1440 |    no    |
        | + x_for      |     4224|     10092960|    33 ~ 42054   |          -|          -|  128 ~ 240 |    no    |
        | + burst_out  |        0|         4102|                9|          1|          1|  0 ~ 4095  |    yes   |
        +--------------+---------+-------------+-----------------+-----------+-----------+------------+----------+



================================================================
== Utilization Estimates
================================================================
* Summary: 
+-----------------+---------+-------+--------+-------+-----+
|       Name      | BRAM_18K| DSP48E|   FF   |  LUT  | URAM|
+-----------------+---------+-------+--------+-------+-----+
|DSP              |        -|      -|       -|      -|    -|
|Expression       |        -|      -|       0|   2399|    -|
|FIFO             |        -|      -|       -|      -|    -|
|Instance         |        2|    176|   20542|  21447|    -|
|Memory           |        8|      -|       0|      0|    0|
|Multiplexer      |        -|      -|       -|   1085|    -|
|Register         |        2|      -|    1426|     33|    -|
+-----------------+---------+-------+--------+-------+-----+
|Total            |       12|    176|   21968|  24964|    0|
+-----------------+---------+-------+--------+-------+-----+
|Available        |      270|    240|  126800|  63400|    0|
+-----------------+---------+-------+--------+-------+-----+
|Utilization (%)  |        4|     73|      17|     39|    0|
+-----------------+---------+-------+--------+-------+-----+

+ Detail: 
    * Instance: 
    +--------------------------+----------------------+---------+-------+------+------+-----+
    |         Instance         |        Module        | BRAM_18K| DSP48E|  FF  |  LUT | URAM|
    +--------------------------+----------------------+---------+-------+------+------+-----+
    |calc_buf_r_m_axi_U        |calc_buf_r_m_axi      |        2|      0|   537|   677|    0|
    |calc_in_parms_s_axi_U     |calc_in_parms_s_axi   |        0|      0|   214|   336|    0|
    |calc_mul_12ns_40sfYi_U14  |calc_mul_12ns_40sfYi  |        0|      2|   281|    19|    0|
    |calc_mul_12ns_40sfYi_U15  |calc_mul_12ns_40sfYi  |        0|      2|   281|    19|    0|
    |calc_mul_12ns_40sfYi_U16  |calc_mul_12ns_40sfYi  |        0|      2|   281|    19|    0|
    |calc_mul_12ns_40sfYi_U17  |calc_mul_12ns_40sfYi  |        0|      2|   281|    19|    0|
    |calc_mul_12ns_40sfYi_U18  |calc_mul_12ns_40sfYi  |        0|      2|   281|    19|    0|
    |calc_mul_12ns_40sfYi_U19  |calc_mul_12ns_40sfYi  |        0|      2|   281|    19|    0|
    |calc_mul_12ns_40sfYi_U20  |calc_mul_12ns_40sfYi  |        0|      2|   281|    19|    0|
    |calc_mul_12ns_40sfYi_U21  |calc_mul_12ns_40sfYi  |        0|      2|   281|    19|    0|
    |calc_mux_832_16_1_1_U22   |calc_mux_832_16_1_1   |        0|      0|     0|    41|    0|
    |calc_sdiv_41ns_13eOg_U13  |calc_sdiv_41ns_13eOg  |        0|      0|   503|   305|    0|
    |grp_mandel_calc_fu_453    |mandel_calc           |        0|     20|  2130|  2492|    0|
    |grp_mandel_calc_fu_461    |mandel_calc           |        0|     20|  2130|  2492|    0|
    |grp_mandel_calc_fu_469    |mandel_calc           |        0|     20|  2130|  2492|    0|
    |grp_mandel_calc_fu_477    |mandel_calc           |        0|     20|  2130|  2492|    0|
    |grp_mandel_calc_fu_485    |mandel_calc           |        0|     20|  2130|  2492|    0|
    |grp_mandel_calc_fu_493    |mandel_calc           |        0|     20|  2130|  2492|    0|
    |grp_mandel_calc_fu_501    |mandel_calc           |        0|     20|  2130|  2492|    0|
    |grp_mandel_calc_fu_509    |mandel_calc           |        0|     20|  2130|  2492|    0|
    +--------------------------+----------------------+---------+-------+------+------+-----+
    |Total                     |                      |        2|    176| 20542| 21447|    0|
    +--------------------------+----------------------+---------+-------+------+------+-----+

    * DSP48E: 
    N/A

    * Memory: 
    +---------+------------+---------+---+----+-----+------+-----+------+-------------+
    |  Memory |   Module   | BRAM_18K| FF| LUT| URAM| Words| Bits| Banks| W*Bits*Banks|
    +---------+------------+---------+---+----+-----+------+-----+------+-------------+
    |mem_0_U  |calc_mem_0  |        1|  0|   0|    0|   240|   16|     1|         3840|
    |mem_1_U  |calc_mem_0  |        1|  0|   0|    0|   240|   16|     1|         3840|
    |mem_2_U  |calc_mem_0  |        1|  0|   0|    0|   240|   16|     1|         3840|
    |mem_3_U  |calc_mem_0  |        1|  0|   0|    0|   240|   16|     1|         3840|
    |mem_4_U  |calc_mem_0  |        1|  0|   0|    0|   240|   16|     1|         3840|
    |mem_5_U  |calc_mem_0  |        1|  0|   0|    0|   240|   16|     1|         3840|
    |mem_6_U  |calc_mem_0  |        1|  0|   0|    0|   240|   16|     1|         3840|
    |mem_7_U  |calc_mem_0  |        1|  0|   0|    0|   240|   16|     1|         3840|
    +---------+------------+---------+---+----+-----+------+-----+------+-------------+
    |Total    |            |        8|  0|   0|    0|  1920|  128|     8|        30720|
    +---------+------------+---------+---+----+-----+------+-----+------+-------------+

    * FIFO: 
    N/A

    * Expression: 
    +-----------------------------------+----------+-------+---+----+------------+------------+
    |           Variable Name           | Operation| DSP48E| FF| LUT| Bitwidth P0| Bitwidth P1|
    +-----------------------------------+----------+-------+---+----+------------+------------+
    |add_ln1192_1_fu_874_p2             |     +    |      0|  0|  59|          52|          52|
    |add_ln1192_2_fu_920_p2             |     +    |      0|  0|  59|          52|          52|
    |add_ln1192_3_fu_966_p2             |     +    |      0|  0|  59|          52|          52|
    |add_ln1192_4_fu_1012_p2            |     +    |      0|  0|  59|          52|          52|
    |add_ln1192_5_fu_1058_p2            |     +    |      0|  0|  59|          52|          52|
    |add_ln1192_6_fu_1104_p2            |     +    |      0|  0|  59|          52|          52|
    |add_ln1192_7_fu_1150_p2            |     +    |      0|  0|  59|          52|          52|
    |add_ln1192_fu_840_p2               |     +    |      0|  0|  59|          52|          52|
    |add_ln703_2_fu_932_p2              |     +    |      0|  0|  47|          40|          40|
    |add_ln703_3_fu_978_p2              |     +    |      0|  0|  47|          40|          40|
    |add_ln703_4_fu_1024_p2             |     +    |      0|  0|  47|          40|          40|
    |add_ln703_5_fu_1070_p2             |     +    |      0|  0|  47|          40|          40|
    |add_ln703_6_fu_1116_p2             |     +    |      0|  0|  47|          40|          40|
    |add_ln703_7_fu_1162_p2             |     +    |      0|  0|  47|          40|          40|
    |add_ln703_fu_828_p2                |     +    |      0|  0|  47|          40|          40|
    |grp_fu_1921_p2                     |     +    |      0|  0|  47|          40|          40|
    |grp_fu_650_p2                      |     +    |      0|  0|  19|          12|           1|
    |grp_fu_1842_p2                     |     -    |      0|  0|  48|          41|          41|
    |and_ln785_1_fu_1275_p2             |    and   |      0|  0|   2|           1|           1|
    |and_ln785_2_fu_1345_p2             |    and   |      0|  0|   2|           1|           1|
    |and_ln785_3_fu_1415_p2             |    and   |      0|  0|   2|           1|           1|
    |and_ln785_4_fu_1485_p2             |    and   |      0|  0|   2|           1|           1|
    |and_ln785_5_fu_1555_p2             |    and   |      0|  0|   2|           1|           1|
    |and_ln785_6_fu_1625_p2             |    and   |      0|  0|   2|           1|           1|
    |and_ln785_7_fu_1695_p2             |    and   |      0|  0|   2|           1|           1|
    |and_ln785_fu_1205_p2               |    and   |      0|  0|   2|           1|           1|
    |and_ln786_13_fu_1291_p2            |    and   |      0|  0|   2|           1|           1|
    |and_ln786_14_fu_1361_p2            |    and   |      0|  0|   2|           1|           1|
    |and_ln786_15_fu_1431_p2            |    and   |      0|  0|   2|           1|           1|
    |and_ln786_16_fu_1501_p2            |    and   |      0|  0|   2|           1|           1|
    |and_ln786_17_fu_1571_p2            |    and   |      0|  0|   2|           1|           1|
    |and_ln786_18_fu_1641_p2            |    and   |      0|  0|   2|           1|           1|
    |and_ln786_19_fu_1711_p2            |    and   |      0|  0|   2|           1|           1|
    |and_ln786_fu_1221_p2               |    and   |      0|  0|   2|           1|           1|
    |ap_block_pp0_stage0_01001          |    and   |      0|  0|   2|           1|           1|
    |ap_block_state62_io                |    and   |      0|  0|   2|           1|           1|
    |ap_block_state63_io                |    and   |      0|  0|   2|           1|           1|
    |ap_block_state68_pp0_stage0_iter8  |    and   |      0|  0|   2|           1|           1|
    |underflow_7_fu_1873_p2             |    and   |      0|  0|   2|           1|           1|
    |underflow_fu_564_p2                |    and   |      0|  0|   2|           1|           1|
    |icmp_ln785_1_fu_908_p2             |   icmp   |      0|  0|  13|          12|           1|
    |icmp_ln785_2_fu_954_p2             |   icmp   |      0|  0|  13|          12|           1|
    |icmp_ln785_3_fu_1000_p2            |   icmp   |      0|  0|  13|          12|           1|
    |icmp_ln785_4_fu_1046_p2            |   icmp   |      0|  0|  13|          12|           1|
    |icmp_ln785_5_fu_1092_p2            |   icmp   |      0|  0|  13|          12|           1|
    |icmp_ln785_6_fu_1138_p2            |   icmp   |      0|  0|  13|          12|           1|
    |icmp_ln785_7_fu_1184_p2            |   icmp   |      0|  0|  13|          12|           1|
    |icmp_ln785_fu_862_p2               |   icmp   |      0|  0|  13|          12|           1|
    |icmp_ln786_1_fu_914_p2             |   icmp   |      0|  0|  13|          12|           2|
    |icmp_ln786_2_fu_960_p2             |   icmp   |      0|  0|  13|          12|           2|
    |icmp_ln786_3_fu_1006_p2            |   icmp   |      0|  0|  13|          12|           2|
    |icmp_ln786_4_fu_1052_p2            |   icmp   |      0|  0|  13|          12|           2|
    |icmp_ln786_5_fu_1098_p2            |   icmp   |      0|  0|  13|          12|           2|
    |icmp_ln786_6_fu_1144_p2            |   icmp   |      0|  0|  13|          12|           2|
    |icmp_ln786_7_fu_1190_p2            |   icmp   |      0|  0|  13|          12|           2|
    |icmp_ln786_fu_868_p2               |   icmp   |      0|  0|  13|          12|           2|
    |icmp_ln79_fu_645_p2                |   icmp   |      0|  0|  13|          12|          12|
    |icmp_ln85_fu_656_p2                |   icmp   |      0|  0|  13|          12|          12|
    |icmp_ln96_fu_1767_p2               |   icmp   |      0|  0|  18|          24|          24|
    |ap_block_pp0_stage0_11001          |    or    |      0|  0|   2|           1|           1|
    |ap_block_state58_on_subcall_done   |    or    |      0|  0|   2|           1|           1|
    |or_ln340_19_fu_1226_p2             |    or    |      0|  0|   2|           1|           1|
    |or_ln340_20_fu_1238_p2             |    or    |      0|  0|   2|           1|           1|
    |or_ln340_21_fu_1296_p2             |    or    |      0|  0|   2|           1|           1|
    |or_ln340_22_fu_1308_p2             |    or    |      0|  0|   2|           1|           1|
    |or_ln340_23_fu_1366_p2             |    or    |      0|  0|   2|           1|           1|
    |or_ln340_24_fu_1378_p2             |    or    |      0|  0|   2|           1|           1|
    |or_ln340_25_fu_1436_p2             |    or    |      0|  0|   2|           1|           1|
    |or_ln340_26_fu_1448_p2             |    or    |      0|  0|   2|           1|           1|
    |or_ln340_27_fu_1891_p2             |    or    |      0|  0|   2|           1|           1|
    |or_ln340_28_fu_1506_p2             |    or    |      0|  0|   2|           1|           1|
    |or_ln340_29_fu_1518_p2             |    or    |      0|  0|   2|           1|           1|
    |or_ln340_30_fu_1576_p2             |    or    |      0|  0|   2|           1|           1|
    |or_ln340_31_fu_1588_p2             |    or    |      0|  0|   2|           1|           1|
    |or_ln340_32_fu_1646_p2             |    or    |      0|  0|   2|           1|           1|
    |or_ln340_33_fu_1658_p2             |    or    |      0|  0|   2|           1|           1|
    |or_ln340_34_fu_1716_p2             |    or    |      0|  0|   2|           1|           1|
    |or_ln340_35_fu_1728_p2             |    or    |      0|  0|   2|           1|           1|
    |or_ln340_fu_578_p2                 |    or    |      0|  0|   2|           1|           1|
    |or_ln700_1_fu_695_p2               |    or    |      0|  0|  12|          12|           2|
    |or_ln700_2_fu_710_p2               |    or    |      0|  0|  12|          12|           2|
    |or_ln700_3_fu_725_p2               |    or    |      0|  0|  12|          12|           3|
    |or_ln700_4_fu_740_p2               |    or    |      0|  0|  12|          12|           3|
    |or_ln700_5_fu_755_p2               |    or    |      0|  0|  12|          12|           3|
    |or_ln700_6_fu_770_p2               |    or    |      0|  0|  12|          12|           3|
    |or_ln700_fu_680_p2                 |    or    |      0|  0|  12|          12|           1|
    |or_ln785_10_fu_1546_p2             |    or    |      0|  0|   2|           1|           1|
    |or_ln785_11_fu_1616_p2             |    or    |      0|  0|   2|           1|           1|
    |or_ln785_12_fu_1686_p2             |    or    |      0|  0|   2|           1|           1|
    |or_ln785_6_fu_1266_p2              |    or    |      0|  0|   2|           1|           1|
    |or_ln785_7_fu_1336_p2              |    or    |      0|  0|   2|           1|           1|
    |or_ln785_8_fu_1406_p2              |    or    |      0|  0|   2|           1|           1|
    |or_ln785_9_fu_1476_p2              |    or    |      0|  0|   2|           1|           1|
    |or_ln785_fu_1196_p2                |    or    |      0|  0|   2|           1|           1|
    |or_ln786_1_fu_1286_p2              |    or    |      0|  0|   2|           1|           1|
    |or_ln786_2_fu_1356_p2              |    or    |      0|  0|   2|           1|           1|
    |or_ln786_3_fu_1426_p2              |    or    |      0|  0|   2|           1|           1|
    |or_ln786_4_fu_1496_p2              |    or    |      0|  0|   2|           1|           1|
    |or_ln786_5_fu_1566_p2              |    or    |      0|  0|   2|           1|           1|
    |or_ln786_6_fu_1636_p2              |    or    |      0|  0|   2|           1|           1|
    |or_ln786_7_fu_1706_p2              |    or    |      0|  0|   2|           1|           1|
    |or_ln786_fu_1216_p2                |    or    |      0|  0|   2|           1|           1|
    |grp_fu_1244_p3                     |  select  |      0|  0|  40|           1|          39|
    |grp_fu_1251_p3                     |  select  |      0|  0|  41|           1|          41|
    |grp_fu_1258_p3                     |  select  |      0|  0|  40|           1|          39|
    |grp_fu_1314_p3                     |  select  |      0|  0|  40|           1|          40|
    |grp_fu_1913_p3                     |  select  |      0|  0|  40|           1|          40|
    |grp_fu_590_p3                      |  select  |      0|  0|  41|           1|          41|
    |select_ln340_10_fu_583_p3          |  select  |      0|  0|  40|           1|          39|
    |select_ln340_11_fu_1454_p3         |  select  |      0|  0|  40|           1|          39|
    |select_ln340_12_fu_1524_p3         |  select  |      0|  0|  40|           1|          39|
    |select_ln340_13_fu_1594_p3         |  select  |      0|  0|  40|           1|          39|
    |select_ln340_14_fu_1664_p3         |  select  |      0|  0|  40|           1|          39|
    |select_ln340_15_fu_1734_p3         |  select  |      0|  0|  40|           1|          39|
    |select_ln340_19_fu_1398_p3         |  select  |      0|  0|  40|           1|          40|
    |select_ln340_20_fu_1468_p3         |  select  |      0|  0|  40|           1|          40|
    |select_ln340_21_fu_1538_p3         |  select  |      0|  0|  40|           1|          40|
    |select_ln340_22_fu_1608_p3         |  select  |      0|  0|  40|           1|          40|
    |select_ln340_23_fu_1678_p3         |  select  |      0|  0|  40|           1|          40|
    |select_ln340_24_fu_1748_p3         |  select  |      0|  0|  40|           1|          40|
    |select_ln388_10_fu_1391_p3         |  select  |      0|  0|  41|           1|          41|
    |select_ln388_11_fu_1461_p3         |  select  |      0|  0|  41|           1|          41|
    |select_ln388_12_fu_1531_p3         |  select  |      0|  0|  41|           1|          41|
    |select_ln388_13_fu_1601_p3         |  select  |      0|  0|  41|           1|          41|
    |select_ln388_14_fu_1671_p3         |  select  |      0|  0|  41|           1|          41|
    |select_ln388_15_fu_1741_p3         |  select  |      0|  0|  41|           1|          41|
    |ap_enable_pp0                      |    xor   |      0|  0|   2|           1|           2|
    |ap_enable_reg_pp0_iter1            |    xor   |      0|  0|   2|           2|           1|
    |xor_ln340_10_fu_1652_p2            |    xor   |      0|  0|   2|           2|           1|
    |xor_ln340_11_fu_1722_p2            |    xor   |      0|  0|   2|           2|           1|
    |xor_ln340_12_fu_1879_p2            |    xor   |      0|  0|   2|           1|           1|
    |xor_ln340_2_fu_569_p2              |    xor   |      0|  0|   2|           1|           1|
    |xor_ln340_3_fu_1232_p2             |    xor   |      0|  0|   2|           2|           1|
    |xor_ln340_4_fu_1302_p2             |    xor   |      0|  0|   2|           2|           1|
    |xor_ln340_5_fu_1372_p2             |    xor   |      0|  0|   2|           2|           1|
    |xor_ln340_6_fu_1442_p2             |    xor   |      0|  0|   2|           2|           1|
    |xor_ln340_7_fu_1512_p2             |    xor   |      0|  0|   2|           2|           1|
    |xor_ln340_8_fu_1885_p2             |    xor   |      0|  0|   2|           1|           2|
    |xor_ln340_9_fu_1582_p2             |    xor   |      0|  0|   2|           2|           1|
    |xor_ln340_fu_573_p2                |    xor   |      0|  0|   2|           1|           2|
    |xor_ln785_11_fu_1270_p2            |    xor   |      0|  0|   2|           1|           2|
    |xor_ln785_12_fu_1340_p2            |    xor   |      0|  0|   2|           1|           2|
    |xor_ln785_13_fu_1410_p2            |    xor   |      0|  0|   2|           1|           2|
    |xor_ln785_14_fu_1480_p2            |    xor   |      0|  0|   2|           1|           2|
    |xor_ln785_15_fu_1550_p2            |    xor   |      0|  0|   2|           1|           2|
    |xor_ln785_16_fu_1620_p2            |    xor   |      0|  0|   2|           1|           2|
    |xor_ln785_17_fu_1690_p2            |    xor   |      0|  0|   2|           1|           2|
    |xor_ln785_fu_1200_p2               |    xor   |      0|  0|   2|           1|           2|
    |xor_ln786_10_fu_1351_p2            |    xor   |      0|  0|   2|           1|           2|
    |xor_ln786_11_fu_1421_p2            |    xor   |      0|  0|   2|           1|           2|
    |xor_ln786_12_fu_1491_p2            |    xor   |      0|  0|   2|           1|           2|
    |xor_ln786_13_fu_1561_p2            |    xor   |      0|  0|   2|           1|           2|
    |xor_ln786_14_fu_1631_p2            |    xor   |      0|  0|   2|           1|           2|
    |xor_ln786_15_fu_1701_p2            |    xor   |      0|  0|   2|           1|           2|
    |xor_ln786_7_fu_1211_p2             |    xor   |      0|  0|   2|           1|           2|
    |xor_ln786_8_fu_1867_p2             |    xor   |      0|  0|   2|           1|           2|
    |xor_ln786_9_fu_1281_p2             |    xor   |      0|  0|   2|           1|           2|
    |xor_ln786_fu_559_p2                |    xor   |      0|  0|   2|           1|           2|
    +-----------------------------------+----------+-------+---+----+------------+------------+
    |Total                              |          |      0|  0|2399|        1236|        1938|
    +-----------------------------------+----------+-------+---+----+------------+------------+

    * Multiplexer: 
    +-------------------------+-----+-----------+-----+-----------+
    |           Name          | LUT | Input Size| Bits| Total Bits|
    +-------------------------+-----+-----------+-----+-----------+
    |ap_NS_fsm                |  265|         62|    1|         62|
    |ap_enable_reg_pp0_iter1  |    9|          2|    1|          2|
    |ap_enable_reg_pp0_iter8  |    9|          2|    1|          2|
    |buf_r_blk_n_AW           |    9|          2|    1|          2|
    |buf_r_blk_n_B            |    9|          2|    1|          2|
    |buf_r_blk_n_W            |    9|          2|    1|          2|
    |grp_fu_1244_p0           |   15|          3|    1|          3|
    |grp_fu_1251_p0           |   15|          3|    1|          3|
    |grp_fu_1258_p0           |   15|          3|    1|          3|
    |grp_fu_1258_p2           |   15|          3|   40|        120|
    |grp_fu_1314_p0           |   15|          3|    1|          3|
    |grp_fu_1842_p0           |   21|          4|   41|        164|
    |grp_fu_1842_p1           |   21|          4|   41|        164|
    |grp_fu_1913_p0           |   15|          3|    1|          3|
    |grp_fu_1921_p0           |   27|          5|   40|        200|
    |grp_fu_1921_p1           |   33|          6|   40|        240|
    |grp_fu_590_p0            |   15|          3|    1|          3|
    |grp_fu_590_p2            |   15|          3|   40|        120|
    |grp_fu_650_p0            |   15|          3|   12|         36|
    |i_op_assign_reg_442      |    9|          2|   12|         24|
    |index_0_reg_409          |    9|          2|   24|         48|
    |index_1_reg_432          |    9|          2|   24|         48|
    |indvars_iv_reg_378       |    9|          2|   24|         48|
    |mem_0_address0           |   15|          3|    8|         24|
    |mem_1_address0           |   15|          3|    8|         24|
    |mem_2_address0           |   15|          3|    8|         24|
    |mem_3_address0           |   15|          3|    8|         24|
    |mem_4_address0           |   15|          3|    8|         24|
    |mem_5_address0           |   15|          3|    8|         24|
    |mem_6_address0           |   15|          3|    8|         24|
    |mem_7_address0           |   15|          3|    8|         24|
    |p_Val2_30_reg_388        |    9|          2|   40|         80|
    |reg_1926                 |   27|          5|   40|        200|
    |reg_1965                 |   33|          6|   40|        240|
    |reg_1995                 |   21|          4|   40|        160|
    |reg_2048                 |   38|          7|   52|        364|
    |reg_2058                 |   38|          7|   52|        364|
    |reg_2068                 |   21|          4|   40|        160|
    |reg_2078                 |   21|          4|   40|        160|
    |reg_2083                 |   21|          4|   40|        160|
    |reg_2088                 |   15|          3|   40|        120|
    |reg_2103                 |   27|          5|   52|        260|
    |reg_2133                 |   15|          3|   52|        156|
    |reg_2143                 |   15|          3|   52|        156|
    |reg_2153                 |   15|          3|   52|        156|
    |reg_2163                 |   15|          3|   52|        156|
    |reg_2173                 |   15|          3|   52|        156|
    |reg_2178                 |    9|          2|   40|         80|
    |reg_2506                 |    9|          2|    9|         18|
    |t_V_1_reg_398            |    9|          2|   12|         24|
    |tmp_V_1_0_reg_421        |    9|          2|   12|         24|
    +-------------------------+-----+-----------+-----+-----------+
    |Total                    | 1085|        224| 1223|       4688|
    +-------------------------+-----+-----------+-----+-----------+

    * Register: 
    +-------------------------------------+----+----+-----+-----------+
    |                 Name                | FF | LUT| Bits| Const Bits|
    +-------------------------------------+----+----+-----+-----------+
    |X0_V_read_reg_1952                   |  40|   0|   40|          0|
    |Y0_V_read_reg_1947                   |  40|   0|   40|          0|
    |add_ln700_reg_1982                   |  12|   0|   12|          0|
    |ap_CS_fsm                            |  61|   0|   61|          0|
    |ap_enable_reg_pp0_iter0              |   1|   0|    1|          0|
    |ap_enable_reg_pp0_iter1              |   1|   0|    1|          0|
    |ap_enable_reg_pp0_iter2              |   1|   0|    1|          0|
    |ap_enable_reg_pp0_iter3              |   1|   0|    1|          0|
    |ap_enable_reg_pp0_iter4              |   1|   0|    1|          0|
    |ap_enable_reg_pp0_iter5              |   1|   0|    1|          0|
    |ap_enable_reg_pp0_iter6              |   1|   0|    1|          0|
    |ap_enable_reg_pp0_iter7              |   1|   0|    1|          0|
    |ap_enable_reg_pp0_iter8              |   1|   0|    1|          0|
    |grp_mandel_calc_fu_453_ap_start_reg  |   1|   0|    1|          0|
    |grp_mandel_calc_fu_461_ap_start_reg  |   1|   0|    1|          0|
    |grp_mandel_calc_fu_469_ap_start_reg  |   1|   0|    1|          0|
    |grp_mandel_calc_fu_477_ap_start_reg  |   1|   0|    1|          0|
    |grp_mandel_calc_fu_485_ap_start_reg  |   1|   0|    1|          0|
    |grp_mandel_calc_fu_493_ap_start_reg  |   1|   0|    1|          0|
    |grp_mandel_calc_fu_501_ap_start_reg  |   1|   0|    1|          0|
    |grp_mandel_calc_fu_509_ap_start_reg  |   1|   0|    1|          0|
    |i_op_assign_reg_442                  |  12|   0|   12|          0|
    |icmp_ln785_1_reg_2229                |   1|   0|    1|          0|
    |icmp_ln785_2_reg_2257                |   1|   0|    1|          0|
    |icmp_ln785_3_reg_2285                |   1|   0|    1|          0|
    |icmp_ln785_4_reg_2313                |   1|   0|    1|          0|
    |icmp_ln785_5_reg_2341                |   1|   0|    1|          0|
    |icmp_ln785_6_reg_2369                |   1|   0|    1|          0|
    |icmp_ln785_7_reg_2397                |   1|   0|    1|          0|
    |icmp_ln785_reg_2063                  |   1|   0|    1|          0|
    |icmp_ln786_1_reg_2234                |   1|   0|    1|          0|
    |icmp_ln786_2_reg_2262                |   1|   0|    1|          0|
    |icmp_ln786_3_reg_2290                |   1|   0|    1|          0|
    |icmp_ln786_4_reg_2318                |   1|   0|    1|          0|
    |icmp_ln786_5_reg_2346                |   1|   0|    1|          0|
    |icmp_ln786_6_reg_2374                |   1|   0|    1|          0|
    |icmp_ln786_7_reg_2402                |   1|   0|    1|          0|
    |icmp_ln786_reg_2206                  |   1|   0|    1|          0|
    |icmp_ln96_reg_2487                   |   1|   0|    1|          0|
    |index_0_reg_409                      |  24|   0|   24|          0|
    |index_1_reg_432                      |  24|   0|   24|          0|
    |indvars_iv_reg_378                   |  24|   0|   24|          0|
    |line_V_reg_2039                      |  12|   0|   12|          0|
    |maxIter_read_reg_1938                |  16|   0|   16|          0|
    |p_Result_21_reg_1988                 |   1|   0|    1|          0|
    |p_Result_s_reg_1975                  |   1|   0|    1|          0|
    |p_Val2_30_reg_388                    |  40|   0|   40|          0|
    |reg_1926                             |  40|   0|   40|          0|
    |reg_1965                             |  40|   0|   40|          0|
    |reg_1995                             |  40|   0|   40|          0|
    |reg_2048                             |  52|   0|   52|          0|
    |reg_2058                             |  52|   0|   52|          0|
    |reg_2068                             |  40|   0|   40|          0|
    |reg_2078                             |  40|   0|   40|          0|
    |reg_2083                             |  40|   0|   40|          0|
    |reg_2088                             |  40|   0|   40|          0|
    |reg_2103                             |  52|   0|   52|          0|
    |reg_2133                             |  52|   0|   52|          0|
    |reg_2143                             |  52|   0|   52|          0|
    |reg_2153                             |  52|   0|   52|          0|
    |reg_2163                             |  52|   0|   52|          0|
    |reg_2163_pp0_iter1_reg               |  52|   0|   52|          0|
    |reg_2173                             |  52|   0|   52|          0|
    |reg_2178                             |  40|   0|   40|          0|
    |reg_2506                             |   9|   0|    9|          0|
    |rhs_V_4_reg_2031                     |  41|   0|   41|          0|
    |sext_ln1118_reg_2007                 |  52|   0|   52|          0|
    |sext_ln703_reg_2019                  |  52|   0|   52|          0|
    |t_V_1_reg_398                        |  12|   0|   12|          0|
    |tmp_17_reg_1970                      |  12|   0|   12|          0|
    |tmp_46_reg_2036                      |   1|   0|    1|          0|
    |tmp_47_reg_2053                      |   1|   0|    1|          0|
    |tmp_48_reg_2211                      |   1|   0|    1|          0|
    |tmp_49_reg_2223                      |   1|   0|    1|          0|
    |tmp_50_reg_2239                      |   1|   0|    1|          0|
    |tmp_51_reg_2251                      |   1|   0|    1|          0|
    |tmp_52_reg_2267                      |   1|   0|    1|          0|
    |tmp_53_reg_2279                      |   1|   0|    1|          0|
    |tmp_54_reg_2295                      |   1|   0|    1|          0|
    |tmp_55_reg_2307                      |   1|   0|    1|          0|
    |tmp_56_reg_2323                      |   1|   0|    1|          0|
    |tmp_57_reg_2335                      |   1|   0|    1|          0|
    |tmp_58_reg_2351                      |   1|   0|    1|          0|
    |tmp_59_reg_2363                      |   1|   0|    1|          0|
    |tmp_60_reg_2379                      |   1|   0|    1|          0|
    |tmp_61_reg_2391                      |   1|   0|    1|          0|
    |tmp_V_1_0_reg_421                    |  12|   0|   12|          0|
    |width_V_read_reg_2093                |  12|   0|   12|          0|
    |zext_ln1118_reg_2000                 |  12|   0|   24|         12|
    |icmp_ln96_reg_2487                   |  64|  32|    1|          0|
    |reg_2133                             |   3|   1|   52|          0|
    +-------------------------------------+----+----+-----+-----------+
    |Total                                |1426|  33| 1424|         12|
    +-------------------------------------+----+----+-----+-----------+



================================================================
== Interface
================================================================
* Summary: 
+------------------------+-----+-----+------------+--------------+--------------+
|        RTL Ports       | Dir | Bits|  Protocol  | Source Object|    C Type    |
+------------------------+-----+-----+------------+--------------+--------------+
|s_axi_in_parms_AWVALID  |  in |    1|    s_axi   |   in_parms   |    scalar    |
|s_axi_in_parms_AWREADY  | out |    1|    s_axi   |   in_parms   |    scalar    |
|s_axi_in_parms_AWADDR   |  in |    7|    s_axi   |   in_parms   |    scalar    |
|s_axi_in_parms_WVALID   |  in |    1|    s_axi   |   in_parms   |    scalar    |
|s_axi_in_parms_WREADY   | out |    1|    s_axi   |   in_parms   |    scalar    |
|s_axi_in_parms_WDATA    |  in |   32|    s_axi   |   in_parms   |    scalar    |
|s_axi_in_parms_WSTRB    |  in |    4|    s_axi   |   in_parms   |    scalar    |
|s_axi_in_parms_ARVALID  |  in |    1|    s_axi   |   in_parms   |    scalar    |
|s_axi_in_parms_ARREADY  | out |    1|    s_axi   |   in_parms   |    scalar    |
|s_axi_in_parms_ARADDR   |  in |    7|    s_axi   |   in_parms   |    scalar    |
|s_axi_in_parms_RVALID   | out |    1|    s_axi   |   in_parms   |    scalar    |
|s_axi_in_parms_RREADY   |  in |    1|    s_axi   |   in_parms   |    scalar    |
|s_axi_in_parms_RDATA    | out |   32|    s_axi   |   in_parms   |    scalar    |
|s_axi_in_parms_RRESP    | out |    2|    s_axi   |   in_parms   |    scalar    |
|s_axi_in_parms_BVALID   | out |    1|    s_axi   |   in_parms   |    scalar    |
|s_axi_in_parms_BREADY   |  in |    1|    s_axi   |   in_parms   |    scalar    |
|s_axi_in_parms_BRESP    | out |    2|    s_axi   |   in_parms   |    scalar    |
|ap_clk                  |  in |    1| ap_ctrl_hs |     calc     | return value |
|ap_rst_n                |  in |    1| ap_ctrl_hs |     calc     | return value |
|interrupt               | out |    1| ap_ctrl_hs |     calc     | return value |
|m_axi_buf_r_AWVALID     | out |    1|    m_axi   |     buf_r    |    pointer   |
|m_axi_buf_r_AWREADY     |  in |    1|    m_axi   |     buf_r    |    pointer   |
|m_axi_buf_r_AWADDR      | out |   32|    m_axi   |     buf_r    |    pointer   |
|m_axi_buf_r_AWID        | out |    1|    m_axi   |     buf_r    |    pointer   |
|m_axi_buf_r_AWLEN       | out |    8|    m_axi   |     buf_r    |    pointer   |
|m_axi_buf_r_AWSIZE      | out |    3|    m_axi   |     buf_r    |    pointer   |
|m_axi_buf_r_AWBURST     | out |    2|    m_axi   |     buf_r    |    pointer   |
|m_axi_buf_r_AWLOCK      | out |    2|    m_axi   |     buf_r    |    pointer   |
|m_axi_buf_r_AWCACHE     | out |    4|    m_axi   |     buf_r    |    pointer   |
|m_axi_buf_r_AWPROT      | out |    3|    m_axi   |     buf_r    |    pointer   |
|m_axi_buf_r_AWQOS       | out |    4|    m_axi   |     buf_r    |    pointer   |
|m_axi_buf_r_AWREGION    | out |    4|    m_axi   |     buf_r    |    pointer   |
|m_axi_buf_r_AWUSER      | out |    1|    m_axi   |     buf_r    |    pointer   |
|m_axi_buf_r_WVALID      | out |    1|    m_axi   |     buf_r    |    pointer   |
|m_axi_buf_r_WREADY      |  in |    1|    m_axi   |     buf_r    |    pointer   |
|m_axi_buf_r_WDATA       | out |   32|    m_axi   |     buf_r    |    pointer   |
|m_axi_buf_r_WSTRB       | out |    4|    m_axi   |     buf_r    |    pointer   |
|m_axi_buf_r_WLAST       | out |    1|    m_axi   |     buf_r    |    pointer   |
|m_axi_buf_r_WID         | out |    1|    m_axi   |     buf_r    |    pointer   |
|m_axi_buf_r_WUSER       | out |    1|    m_axi   |     buf_r    |    pointer   |
|m_axi_buf_r_ARVALID     | out |    1|    m_axi   |     buf_r    |    pointer   |
|m_axi_buf_r_ARREADY     |  in |    1|    m_axi   |     buf_r    |    pointer   |
|m_axi_buf_r_ARADDR      | out |   32|    m_axi   |     buf_r    |    pointer   |
|m_axi_buf_r_ARID        | out |    1|    m_axi   |     buf_r    |    pointer   |
|m_axi_buf_r_ARLEN       | out |    8|    m_axi   |     buf_r    |    pointer   |
|m_axi_buf_r_ARSIZE      | out |    3|    m_axi   |     buf_r    |    pointer   |
|m_axi_buf_r_ARBURST     | out |    2|    m_axi   |     buf_r    |    pointer   |
|m_axi_buf_r_ARLOCK      | out |    2|    m_axi   |     buf_r    |    pointer   |
|m_axi_buf_r_ARCACHE     | out |    4|    m_axi   |     buf_r    |    pointer   |
|m_axi_buf_r_ARPROT      | out |    3|    m_axi   |     buf_r    |    pointer   |
|m_axi_buf_r_ARQOS       | out |    4|    m_axi   |     buf_r    |    pointer   |
|m_axi_buf_r_ARREGION    | out |    4|    m_axi   |     buf_r    |    pointer   |
|m_axi_buf_r_ARUSER      | out |    1|    m_axi   |     buf_r    |    pointer   |
|m_axi_buf_r_RVALID      |  in |    1|    m_axi   |     buf_r    |    pointer   |
|m_axi_buf_r_RREADY      | out |    1|    m_axi   |     buf_r    |    pointer   |
|m_axi_buf_r_RDATA       |  in |   32|    m_axi   |     buf_r    |    pointer   |
|m_axi_buf_r_RLAST       |  in |    1|    m_axi   |     buf_r    |    pointer   |
|m_axi_buf_r_RID         |  in |    1|    m_axi   |     buf_r    |    pointer   |
|m_axi_buf_r_RUSER       |  in |    1|    m_axi   |     buf_r    |    pointer   |
|m_axi_buf_r_RRESP       |  in |    2|    m_axi   |     buf_r    |    pointer   |
|m_axi_buf_r_BVALID      |  in |    1|    m_axi   |     buf_r    |    pointer   |
|m_axi_buf_r_BREADY      | out |    1|    m_axi   |     buf_r    |    pointer   |
|m_axi_buf_r_BRESP       |  in |    2|    m_axi   |     buf_r    |    pointer   |
|m_axi_buf_r_BID         |  in |    1|    m_axi   |     buf_r    |    pointer   |
|m_axi_buf_r_BUSER       |  in |    1|    m_axi   |     buf_r    |    pointer   |
+------------------------+-----+-----+------------+--------------+--------------+

