

================================================================
== Vivado HLS Report for 'mandel_calc'
================================================================
* Date:           Mon Mar  4 15:01:49 2019

* Version:        2018.3 (Build 2405991 on Thu Dec 06 23:56:15 MST 2018)
* Project:        mandelbrotHLS
* Solution:       AXI
* Product family: artix7
* Target device:  xc7a100tcsg324-1


================================================================
== Performance Estimates
================================================================
+ Timing (ns): 
    * Summary: 
    +--------+-------+----------+------------+
    |  Clock | Target| Estimated| Uncertainty|
    +--------+-------+----------+------------+
    |ap_clk  |   6.00|     5.097|        0.75|
    +--------+-------+----------+------------+

+ Latency (clock cycles): 
    * Summary: 
    +-----+---------+-----+---------+---------+
    |    Latency    |    Interval   | Pipeline|
    | min |   max   | min |   max   |   Type  |
    +-----+---------+-----+---------+---------+
    |   22|  1376278|   22|  1376278|   none  |
    +-----+---------+-----+---------+---------+

    + Detail: 
        * Instance: 
        N/A

        * Loop: 
        +--------------------+-----+---------+----------+-----------+-----------+-----------+----------+
        |                    |    Latency    | Iteration|  Initiation Interval  |    Trip   |          |
        |      Loop Name     | min |   max   |  Latency |  achieved |   target  |   Count   | Pipelined|
        +--------------------+-----+---------+----------+-----------+-----------+-----------+----------+
        |- mandel_calc_loop  |    0|  1376255|        21|          -|          -| 0 ~ 65535 |    no    |
        +--------------------+-----+---------+----------+-----------+-----------+-----------+----------+

============================================================
+ Verbose Summary: Synthesis Manager
============================================================
InlineROM: 1
ExposeGlobal: 0
============================================================
+ Verbose Summary: CDFG Model
============================================================
IsTopModel: 0
ResetActiveHigh: 1
IsCombinational: 0
IsDatapathOnly: 0
HasWiredReturn: 1
HasMFsm: 0
HasVarLatency: 1
IsPipeline: 0
IsRtlPipelined: 0
IsInstanceOverlapped: 0
IsDontTouch: 0
HasImplIP: 0
IsGatedGlobalClock: 0


============================================================
+ Verbose Summary: Schedule
============================================================
* Number of FSM states : 24
* Pipeline : 0
* Dataflow Pipeline: 0

* FSM state transitions: 
1 --> 
	2  / true
2 --> 
	3  / true
3 --> 
	24  / (tmp)
	4  / (!tmp)
4 --> 
	5  / (tmp_s)
	24  / (!tmp_s)
5 --> 
	6  / true
6 --> 
	7  / true
7 --> 
	8  / true
8 --> 
	9  / true
9 --> 
	10  / true
10 --> 
	11  / true
11 --> 
	12  / true
12 --> 
	13  / true
13 --> 
	14  / true
14 --> 
	15  / (!tmp_22)
	24  / (tmp_22)
15 --> 
	16  / true
16 --> 
	17  / true
17 --> 
	18  / true
18 --> 
	19  / true
19 --> 
	20  / true
20 --> 
	21  / true
21 --> 
	22  / true
22 --> 
	23  / true
23 --> 
	24  / true
24 --> 
	4  / (!tmp & tmp_s & !tmp_22 & !or_cond)

* FSM state operations: 

State 1 <SV = 0> <Delay = 5.03>
ST_1 : Operation 25 [1/1] (0.00ns)   --->   "%y_in_V_read = call i40 @_ssdm_op_Read.ap_auto.i40(i40 %y_in_V)" [mandelbrotHLS/mandel.cpp:9]   --->   Operation 25 'read' 'y_in_V_read' <Predicate = true> <Delay = 0.00>
ST_1 : Operation 26 [1/1] (0.00ns)   --->   "%x_in_V_read = call i40 @_ssdm_op_Read.ap_auto.i40(i40 %x_in_V)" [mandelbrotHLS/mandel.cpp:9]   --->   Operation 26 'read' 'x_in_V_read' <Predicate = true> <Delay = 0.00>
ST_1 : Operation 27 [2/2] (5.03ns)   --->   "%tmp = call fastcc i1 @pretest(i40 %x_in_V_read, i40 %y_in_V_read)" [mandelbrotHLS/mandel.cpp:16]   --->   Operation 27 'call' 'tmp' <Predicate = true> <Delay = 5.03> <CoreType = "Generic">   --->   Core 0 '' <Latency = 0> <II = 1> <Delay = 1.00> <Generic> <Opcode : >

State 2 <SV = 1> <Delay = 3.97>
ST_2 : Operation 28 [1/2] (3.97ns)   --->   "%tmp = call fastcc i1 @pretest(i40 %x_in_V_read, i40 %y_in_V_read)" [mandelbrotHLS/mandel.cpp:16]   --->   Operation 28 'call' 'tmp' <Predicate = true> <Delay = 3.97> <CoreType = "Generic">   --->   Core 0 '' <Latency = 0> <II = 1> <Delay = 1.00> <Generic> <Opcode : >

State 3 <SV = 2> <Delay = 1.66>
ST_3 : Operation 29 [1/1] (0.00ns)   --->   "%maxIter_read = call i16 @_ssdm_op_Read.ap_auto.i16(i16 %maxIter)" [mandelbrotHLS/mandel.cpp:9]   --->   Operation 29 'read' 'maxIter_read' <Predicate = true> <Delay = 0.00>
ST_3 : Operation 30 [1/1] (1.66ns)   --->   "br i1 %tmp, label %.loopexit, label %.preheader" [mandelbrotHLS/mandel.cpp:16]   --->   Operation 30 'br' <Predicate = true> <Delay = 1.66>
ST_3 : Operation 31 [1/1] (0.00ns)   --->   "%rhs_V_2 = sext i40 %x_in_V_read to i42" [mandelbrotHLS/mandel.cpp:26]   --->   Operation 31 'sext' 'rhs_V_2' <Predicate = (!tmp)> <Delay = 0.00>
ST_3 : Operation 32 [1/1] (0.00ns)   --->   "%rhs_V_3 = call i75 @_ssdm_op_BitConcatenate.i75.i40.i35(i40 %y_in_V_read, i35 0)" [mandelbrotHLS/mandel.cpp:27]   --->   Operation 32 'bitconcatenate' 'rhs_V_3' <Predicate = (!tmp)> <Delay = 0.00>
ST_3 : Operation 33 [1/1] (0.00ns)   --->   "%rhs_V_5_cast = sext i75 %rhs_V_3 to i81" [mandelbrotHLS/mandel.cpp:27]   --->   Operation 33 'sext' 'rhs_V_5_cast' <Predicate = (!tmp)> <Delay = 0.00>
ST_3 : Operation 34 [1/1] (1.66ns)   --->   "br label %1" [mandelbrotHLS/mandel.cpp:19]   --->   Operation 34 'br' <Predicate = (!tmp)> <Delay = 1.66>

State 4 <SV = 3> <Delay = 4.04>
ST_4 : Operation 35 [1/1] (0.00ns)   --->   "%y = phi i40 [ 0, %.preheader ], [ %y_V, %_ZN8ap_fixedILi40ELi5EL9ap_q_mode4EL9ap_o_mode0ELi0EEC1ILi113ELi43ELb1ELS0_5ELS1_3ELi0EEERK13ap_fixed_baseIXT_EXT0_EXT1_EXT2_EXT3_EXT4_EE.exit._crit_edge ]"   --->   Operation 35 'phi' 'y' <Predicate = true> <Delay = 0.00>
ST_4 : Operation 36 [1/1] (0.00ns)   --->   "%x = phi i40 [ 0, %.preheader ], [ %x_V, %_ZN8ap_fixedILi40ELi5EL9ap_q_mode4EL9ap_o_mode0ELi0EEC1ILi113ELi43ELb1ELS0_5ELS1_3ELi0EEERK13ap_fixed_baseIXT_EXT0_EXT1_EXT2_EXT3_EXT4_EE.exit._crit_edge ]"   --->   Operation 36 'phi' 'x' <Predicate = true> <Delay = 0.00>
ST_4 : Operation 37 [1/1] (0.00ns)   --->   "%iter = phi i16 [ 0, %.preheader ], [ %iter_1, %_ZN8ap_fixedILi40ELi5EL9ap_q_mode4EL9ap_o_mode0ELi0EEC1ILi113ELi43ELb1ELS0_5ELS1_3ELi0EEERK13ap_fixed_baseIXT_EXT0_EXT1_EXT2_EXT3_EXT4_EE.exit._crit_edge ]"   --->   Operation 37 'phi' 'iter' <Predicate = true> <Delay = 0.00>
ST_4 : Operation 38 [1/1] (2.38ns)   --->   "%tmp_s = icmp ult i16 %iter, %maxIter_read" [mandelbrotHLS/mandel.cpp:19]   --->   Operation 38 'icmp' 'tmp_s' <Predicate = true> <Delay = 2.38> <Core = "Cmp">   --->   Core 25 'Cmp' <Latency = 0> <II = 1> <Delay = 2.64> <FuncUnit> <Opcode : 'icmp'> <InPorts = 2> <OutPorts = 1>
ST_4 : Operation 39 [1/1] (2.14ns)   --->   "%iter_1 = add i16 %iter, 1" [mandelbrotHLS/mandel.cpp:19]   --->   Operation 39 'add' 'iter_1' <Predicate = true> <Delay = 2.14> <Core = "AddSub">   --->   Core 14 'AddSub' <Latency = 0> <II = 1> <Delay = 2.88> <FuncUnit> <Opcode : 'add' 'sub'> <InPorts = 2> <OutPorts = 1>
ST_4 : Operation 40 [1/1] (1.66ns)   --->   "br i1 %tmp_s, label %_ZN13ap_fixed_baseILi40ELi5ELb1EL9ap_q_mode4EL9ap_o_mode0ELi0EE19quantization_adjustEbbb.exit.i.i.i.i197_ifconv, label %.loopexit.loopexit" [mandelbrotHLS/mandel.cpp:19]   --->   Operation 40 'br' <Predicate = true> <Delay = 1.66>
ST_4 : Operation 41 [1/1] (0.00ns)   --->   "%r_V = sext i40 %x to i80" [mandelbrotHLS/mandel.cpp:20]   --->   Operation 41 'sext' 'r_V' <Predicate = (tmp_s)> <Delay = 0.00>
ST_4 : Operation 42 [6/6] (3.89ns)   --->   "%r_V_17 = mul nsw i80 %r_V, %r_V" [mandelbrotHLS/mandel.cpp:20]   --->   Operation 42 'mul' 'r_V_17' <Predicate = (tmp_s)> <Delay = 3.89> <Core = "MulnS">   --->   Core 17 'MulnS' <Latency = 5> <II = 1> <Delay = 3.89> <FuncUnit> <Opcode : 'mul'> <InPorts = 2> <OutPorts = 1>
ST_4 : Operation 43 [1/1] (0.00ns)   --->   "%r_V_13 = sext i40 %y to i80" [mandelbrotHLS/mandel.cpp:21]   --->   Operation 43 'sext' 'r_V_13' <Predicate = (tmp_s)> <Delay = 0.00>
ST_4 : Operation 44 [6/6] (3.89ns)   --->   "%r_V_18 = mul nsw i80 %r_V_13, %r_V_13" [mandelbrotHLS/mandel.cpp:21]   --->   Operation 44 'mul' 'r_V_18' <Predicate = (tmp_s)> <Delay = 3.89> <Core = "MulnS">   --->   Core 17 'MulnS' <Latency = 5> <II = 1> <Delay = 3.89> <FuncUnit> <Opcode : 'mul'> <InPorts = 2> <OutPorts = 1>

State 5 <SV = 4> <Delay = 3.89>
ST_5 : Operation 45 [5/6] (3.89ns)   --->   "%r_V_17 = mul nsw i80 %r_V, %r_V" [mandelbrotHLS/mandel.cpp:20]   --->   Operation 45 'mul' 'r_V_17' <Predicate = true> <Delay = 3.89> <Core = "MulnS">   --->   Core 17 'MulnS' <Latency = 5> <II = 1> <Delay = 3.89> <FuncUnit> <Opcode : 'mul'> <InPorts = 2> <OutPorts = 1>
ST_5 : Operation 46 [5/6] (3.89ns)   --->   "%r_V_18 = mul nsw i80 %r_V_13, %r_V_13" [mandelbrotHLS/mandel.cpp:21]   --->   Operation 46 'mul' 'r_V_18' <Predicate = true> <Delay = 3.89> <Core = "MulnS">   --->   Core 17 'MulnS' <Latency = 5> <II = 1> <Delay = 3.89> <FuncUnit> <Opcode : 'mul'> <InPorts = 2> <OutPorts = 1>

State 6 <SV = 5> <Delay = 3.89>
ST_6 : Operation 47 [4/6] (3.89ns)   --->   "%r_V_17 = mul nsw i80 %r_V, %r_V" [mandelbrotHLS/mandel.cpp:20]   --->   Operation 47 'mul' 'r_V_17' <Predicate = true> <Delay = 3.89> <Core = "MulnS">   --->   Core 17 'MulnS' <Latency = 5> <II = 1> <Delay = 3.89> <FuncUnit> <Opcode : 'mul'> <InPorts = 2> <OutPorts = 1>
ST_6 : Operation 48 [4/6] (3.89ns)   --->   "%r_V_18 = mul nsw i80 %r_V_13, %r_V_13" [mandelbrotHLS/mandel.cpp:21]   --->   Operation 48 'mul' 'r_V_18' <Predicate = true> <Delay = 3.89> <Core = "MulnS">   --->   Core 17 'MulnS' <Latency = 5> <II = 1> <Delay = 3.89> <FuncUnit> <Opcode : 'mul'> <InPorts = 2> <OutPorts = 1>

State 7 <SV = 6> <Delay = 3.89>
ST_7 : Operation 49 [3/6] (3.89ns)   --->   "%r_V_17 = mul nsw i80 %r_V, %r_V" [mandelbrotHLS/mandel.cpp:20]   --->   Operation 49 'mul' 'r_V_17' <Predicate = true> <Delay = 3.89> <Core = "MulnS">   --->   Core 17 'MulnS' <Latency = 5> <II = 1> <Delay = 3.89> <FuncUnit> <Opcode : 'mul'> <InPorts = 2> <OutPorts = 1>
ST_7 : Operation 50 [3/6] (3.89ns)   --->   "%r_V_18 = mul nsw i80 %r_V_13, %r_V_13" [mandelbrotHLS/mandel.cpp:21]   --->   Operation 50 'mul' 'r_V_18' <Predicate = true> <Delay = 3.89> <Core = "MulnS">   --->   Core 17 'MulnS' <Latency = 5> <II = 1> <Delay = 3.89> <FuncUnit> <Opcode : 'mul'> <InPorts = 2> <OutPorts = 1>

State 8 <SV = 7> <Delay = 3.89>
ST_8 : Operation 51 [2/6] (3.89ns)   --->   "%r_V_17 = mul nsw i80 %r_V, %r_V" [mandelbrotHLS/mandel.cpp:20]   --->   Operation 51 'mul' 'r_V_17' <Predicate = true> <Delay = 3.89> <Core = "MulnS">   --->   Core 17 'MulnS' <Latency = 5> <II = 1> <Delay = 3.89> <FuncUnit> <Opcode : 'mul'> <InPorts = 2> <OutPorts = 1>
ST_8 : Operation 52 [2/6] (3.89ns)   --->   "%r_V_18 = mul nsw i80 %r_V_13, %r_V_13" [mandelbrotHLS/mandel.cpp:21]   --->   Operation 52 'mul' 'r_V_18' <Predicate = true> <Delay = 3.89> <Core = "MulnS">   --->   Core 17 'MulnS' <Latency = 5> <II = 1> <Delay = 3.89> <FuncUnit> <Opcode : 'mul'> <InPorts = 2> <OutPorts = 1>

State 9 <SV = 8> <Delay = 3.89>
ST_9 : Operation 53 [1/6] (3.89ns)   --->   "%r_V_17 = mul nsw i80 %r_V, %r_V" [mandelbrotHLS/mandel.cpp:20]   --->   Operation 53 'mul' 'r_V_17' <Predicate = true> <Delay = 3.89> <Core = "MulnS">   --->   Core 17 'MulnS' <Latency = 5> <II = 1> <Delay = 3.89> <FuncUnit> <Opcode : 'mul'> <InPorts = 2> <OutPorts = 1>
ST_9 : Operation 54 [1/1] (0.00ns)   --->   "%p_Result_s = call i1 @_ssdm_op_BitSelect.i1.i80.i32(i80 %r_V_17, i32 79)" [mandelbrotHLS/mandel.cpp:20]   --->   Operation 54 'bitselect' 'p_Result_s' <Predicate = true> <Delay = 0.00>
ST_9 : Operation 55 [1/1] (0.00ns)   --->   "%tmp_38 = trunc i80 %r_V_17 to i34" [mandelbrotHLS/mandel.cpp:20]   --->   Operation 55 'trunc' 'tmp_38' <Predicate = true> <Delay = 0.00>
ST_9 : Operation 56 [1/1] (0.00ns)   --->   "%p_Result_s_16 = call i4 @_ssdm_op_PartSelect.i4.i80.i32.i32(i80 %r_V_17, i32 76, i32 79)" [mandelbrotHLS/mandel.cpp:20]   --->   Operation 56 'partselect' 'p_Result_s_16' <Predicate = true> <Delay = 0.00>
ST_9 : Operation 57 [1/1] (0.00ns)   --->   "%p_Result_1 = call i5 @_ssdm_op_PartSelect.i5.i80.i32.i32(i80 %r_V_17, i32 75, i32 79)" [mandelbrotHLS/mandel.cpp:20]   --->   Operation 57 'partselect' 'p_Result_1' <Predicate = true> <Delay = 0.00>
ST_9 : Operation 58 [1/6] (3.89ns)   --->   "%r_V_18 = mul nsw i80 %r_V_13, %r_V_13" [mandelbrotHLS/mandel.cpp:21]   --->   Operation 58 'mul' 'r_V_18' <Predicate = true> <Delay = 3.89> <Core = "MulnS">   --->   Core 17 'MulnS' <Latency = 5> <II = 1> <Delay = 3.89> <FuncUnit> <Opcode : 'mul'> <InPorts = 2> <OutPorts = 1>
ST_9 : Operation 59 [1/1] (0.00ns)   --->   "%p_Result_13 = call i1 @_ssdm_op_BitSelect.i1.i80.i32(i80 %r_V_18, i32 79)" [mandelbrotHLS/mandel.cpp:21]   --->   Operation 59 'bitselect' 'p_Result_13' <Predicate = true> <Delay = 0.00>
ST_9 : Operation 60 [1/1] (0.00ns)   --->   "%tmp_46 = trunc i80 %r_V_18 to i34" [mandelbrotHLS/mandel.cpp:21]   --->   Operation 60 'trunc' 'tmp_46' <Predicate = true> <Delay = 0.00>
ST_9 : Operation 61 [1/1] (0.00ns)   --->   "%p_Result_2 = call i4 @_ssdm_op_PartSelect.i4.i80.i32.i32(i80 %r_V_18, i32 76, i32 79)" [mandelbrotHLS/mandel.cpp:21]   --->   Operation 61 'partselect' 'p_Result_2' <Predicate = true> <Delay = 0.00>
ST_9 : Operation 62 [1/1] (0.00ns)   --->   "%p_Result_3 = call i5 @_ssdm_op_PartSelect.i5.i80.i32.i32(i80 %r_V_18, i32 75, i32 79)" [mandelbrotHLS/mandel.cpp:21]   --->   Operation 62 'partselect' 'p_Result_3' <Predicate = true> <Delay = 0.00>

State 10 <SV = 9> <Delay = 2.49>
ST_10 : Operation 63 [1/1] (2.49ns)   --->   "%r_4 = icmp ne i34 %tmp_38, 0" [mandelbrotHLS/mandel.cpp:20]   --->   Operation 63 'icmp' 'r_4' <Predicate = true> <Delay = 2.49> <Core = "Cmp">   --->   Core 25 'Cmp' <Latency = 0> <II = 1> <Delay = 2.64> <FuncUnit> <Opcode : 'icmp'> <InPorts = 2> <OutPorts = 1>
ST_10 : Operation 64 [1/1] (1.44ns)   --->   "%Range2_all_ones = icmp eq i4 %p_Result_s_16, -1" [mandelbrotHLS/mandel.cpp:20]   --->   Operation 64 'icmp' 'Range2_all_ones' <Predicate = true> <Delay = 1.44> <Core = "Cmp">   --->   Core 25 'Cmp' <Latency = 0> <II = 1> <Delay = 2.64> <FuncUnit> <Opcode : 'icmp'> <InPorts = 2> <OutPorts = 1>
ST_10 : Operation 65 [1/1] (1.44ns)   --->   "%Range1_all_ones = icmp eq i5 %p_Result_1, -1" [mandelbrotHLS/mandel.cpp:20]   --->   Operation 65 'icmp' 'Range1_all_ones' <Predicate = true> <Delay = 1.44> <Core = "Cmp">   --->   Core 25 'Cmp' <Latency = 0> <II = 1> <Delay = 2.64> <FuncUnit> <Opcode : 'icmp'> <InPorts = 2> <OutPorts = 1>
ST_10 : Operation 66 [1/1] (1.44ns)   --->   "%Range1_all_zeros = icmp eq i5 %p_Result_1, 0" [mandelbrotHLS/mandel.cpp:20]   --->   Operation 66 'icmp' 'Range1_all_zeros' <Predicate = true> <Delay = 1.44> <Core = "Cmp">   --->   Core 25 'Cmp' <Latency = 0> <II = 1> <Delay = 2.64> <FuncUnit> <Opcode : 'icmp'> <InPorts = 2> <OutPorts = 1>
ST_10 : Operation 67 [1/1] (2.49ns)   --->   "%r_5 = icmp ne i34 %tmp_46, 0" [mandelbrotHLS/mandel.cpp:21]   --->   Operation 67 'icmp' 'r_5' <Predicate = true> <Delay = 2.49> <Core = "Cmp">   --->   Core 25 'Cmp' <Latency = 0> <II = 1> <Delay = 2.64> <FuncUnit> <Opcode : 'icmp'> <InPorts = 2> <OutPorts = 1>
ST_10 : Operation 68 [1/1] (1.44ns)   --->   "%Range2_all_ones_2 = icmp eq i4 %p_Result_2, -1" [mandelbrotHLS/mandel.cpp:21]   --->   Operation 68 'icmp' 'Range2_all_ones_2' <Predicate = true> <Delay = 1.44> <Core = "Cmp">   --->   Core 25 'Cmp' <Latency = 0> <II = 1> <Delay = 2.64> <FuncUnit> <Opcode : 'icmp'> <InPorts = 2> <OutPorts = 1>
ST_10 : Operation 69 [1/1] (1.44ns)   --->   "%Range1_all_ones_3 = icmp eq i5 %p_Result_3, -1" [mandelbrotHLS/mandel.cpp:21]   --->   Operation 69 'icmp' 'Range1_all_ones_3' <Predicate = true> <Delay = 1.44> <Core = "Cmp">   --->   Core 25 'Cmp' <Latency = 0> <II = 1> <Delay = 2.64> <FuncUnit> <Opcode : 'icmp'> <InPorts = 2> <OutPorts = 1>
ST_10 : Operation 70 [1/1] (1.44ns)   --->   "%Range1_all_zeros_2 = icmp eq i5 %p_Result_3, 0" [mandelbrotHLS/mandel.cpp:21]   --->   Operation 70 'icmp' 'Range1_all_zeros_2' <Predicate = true> <Delay = 1.44> <Core = "Cmp">   --->   Core 25 'Cmp' <Latency = 0> <II = 1> <Delay = 2.64> <FuncUnit> <Opcode : 'icmp'> <InPorts = 2> <OutPorts = 1>

State 11 <SV = 10> <Delay = 4.85>
ST_11 : Operation 71 [1/1] (0.00ns) (grouped into LUT with out node x2_V_1)   --->   "%x2_V = call i40 @_ssdm_op_PartSelect.i40.i80.i32.i32(i80 %r_V_17, i32 35, i32 74)" [mandelbrotHLS/mandel.cpp:20]   --->   Operation 71 'partselect' 'x2_V' <Predicate = true> <Delay = 0.00>
ST_11 : Operation 72 [1/1] (0.00ns) (grouped into LUT with out node x2_V_1)   --->   "%tmp_34 = call i1 @_ssdm_op_BitSelect.i1.i80.i32(i80 %r_V_17, i32 35)" [mandelbrotHLS/mandel.cpp:20]   --->   Operation 72 'bitselect' 'tmp_34' <Predicate = true> <Delay = 0.00>
ST_11 : Operation 73 [1/1] (0.00ns) (grouped into LUT with out node carry_4)   --->   "%p_Result_11 = call i1 @_ssdm_op_BitSelect.i1.i80.i32(i80 %r_V_17, i32 74)" [mandelbrotHLS/mandel.cpp:20]   --->   Operation 73 'bitselect' 'p_Result_11' <Predicate = true> <Delay = 0.00>
ST_11 : Operation 74 [1/1] (0.00ns) (grouped into LUT with out node x2_V_1)   --->   "%r = or i1 %r_4, %tmp_34" [mandelbrotHLS/mandel.cpp:20]   --->   Operation 74 'or' 'r' <Predicate = true> <Delay = 0.00> <Core = "LogicGate">   --->   Core 27 'LogicGate' <Latency = 0> <II = 1> <Delay = 0.97> <FuncUnit> <Opcode : 'and' 'or' 'xor'> <InPorts = 2> <OutPorts = 1>
ST_11 : Operation 75 [1/1] (0.00ns) (grouped into LUT with out node x2_V_1)   --->   "%tmp_40 = call i1 @_ssdm_op_BitSelect.i1.i80.i32(i80 %r_V_17, i32 34)" [mandelbrotHLS/mandel.cpp:20]   --->   Operation 75 'bitselect' 'tmp_40' <Predicate = true> <Delay = 0.00>
ST_11 : Operation 76 [1/1] (0.00ns) (grouped into LUT with out node x2_V_1)   --->   "%tmp_15 = and i1 %tmp_40, %r" [mandelbrotHLS/mandel.cpp:20]   --->   Operation 76 'and' 'tmp_15' <Predicate = true> <Delay = 0.00> <Core = "LogicGate">   --->   Core 27 'LogicGate' <Latency = 0> <II = 1> <Delay = 0.97> <FuncUnit> <Opcode : 'and' 'or' 'xor'> <InPorts = 2> <OutPorts = 1>
ST_11 : Operation 77 [1/1] (0.00ns) (grouped into LUT with out node x2_V_1)   --->   "%tmp_16 = zext i1 %tmp_15 to i40" [mandelbrotHLS/mandel.cpp:20]   --->   Operation 77 'zext' 'tmp_16' <Predicate = true> <Delay = 0.00>
ST_11 : Operation 78 [1/1] (2.88ns) (out node of the LUT)   --->   "%x2_V_1 = add nsw i40 %tmp_16, %x2_V" [mandelbrotHLS/mandel.cpp:20]   --->   Operation 78 'add' 'x2_V_1' <Predicate = true> <Delay = 2.88> <Core = "AddSub">   --->   Core 14 'AddSub' <Latency = 0> <II = 1> <Delay = 2.88> <FuncUnit> <Opcode : 'add' 'sub'> <InPorts = 2> <OutPorts = 1>
ST_11 : Operation 79 [1/1] (0.00ns) (grouped into LUT with out node carry_4)   --->   "%tmp_41 = call i1 @_ssdm_op_BitSelect.i1.i40.i32(i40 %x2_V_1, i32 39)" [mandelbrotHLS/mandel.cpp:20]   --->   Operation 79 'bitselect' 'tmp_41' <Predicate = true> <Delay = 0.00>
ST_11 : Operation 80 [1/1] (0.00ns) (grouped into LUT with out node carry_4)   --->   "%rev = xor i1 %tmp_41, true" [mandelbrotHLS/mandel.cpp:20]   --->   Operation 80 'xor' 'rev' <Predicate = true> <Delay = 0.00> <Core = "LogicGate">   --->   Core 27 'LogicGate' <Latency = 0> <II = 1> <Delay = 0.97> <FuncUnit> <Opcode : 'and' 'or' 'xor'> <InPorts = 2> <OutPorts = 1>
ST_11 : Operation 81 [1/1] (0.97ns) (out node of the LUT)   --->   "%carry_4 = and i1 %p_Result_11, %rev" [mandelbrotHLS/mandel.cpp:20]   --->   Operation 81 'and' 'carry_4' <Predicate = true> <Delay = 0.97> <Core = "LogicGate">   --->   Core 27 'LogicGate' <Latency = 0> <II = 1> <Delay = 0.97> <FuncUnit> <Opcode : 'and' 'or' 'xor'> <InPorts = 2> <OutPorts = 1>
ST_11 : Operation 82 [1/1] (0.00ns)   --->   "%p_Result_12 = call i1 @_ssdm_op_BitSelect.i1.i40.i32(i40 %x2_V_1, i32 39)" [mandelbrotHLS/mandel.cpp:20]   --->   Operation 82 'bitselect' 'p_Result_12' <Predicate = true> <Delay = 0.00>
ST_11 : Operation 83 [1/1] (0.00ns) (grouped into LUT with out node brmerge1001_demorgan)   --->   "%tmp_43 = call i1 @_ssdm_op_BitSelect.i1.i80.i32(i80 %r_V_17, i32 75)" [mandelbrotHLS/mandel.cpp:20]   --->   Operation 83 'bitselect' 'tmp_43' <Predicate = true> <Delay = 0.00>
ST_11 : Operation 84 [1/1] (0.00ns) (grouped into LUT with out node brmerge1001_demorgan)   --->   "%rev5 = xor i1 %tmp_43, true" [mandelbrotHLS/mandel.cpp:20]   --->   Operation 84 'xor' 'rev5' <Predicate = true> <Delay = 0.00> <Core = "LogicGate">   --->   Core 27 'LogicGate' <Latency = 0> <II = 1> <Delay = 0.97> <FuncUnit> <Opcode : 'and' 'or' 'xor'> <InPorts = 2> <OutPorts = 1>
ST_11 : Operation 85 [1/1] (0.00ns) (grouped into LUT with out node brmerge1001_demorgan)   --->   "%p_s = and i1 %Range2_all_ones, %rev5" [mandelbrotHLS/mandel.cpp:20]   --->   Operation 85 'and' 'p_s' <Predicate = true> <Delay = 0.00> <Core = "LogicGate">   --->   Core 27 'LogicGate' <Latency = 0> <II = 1> <Delay = 0.97> <FuncUnit> <Opcode : 'and' 'or' 'xor'> <InPorts = 2> <OutPorts = 1>
ST_11 : Operation 86 [1/1] (0.00ns) (grouped into LUT with out node brmerge1001_demorgan)   --->   "%deleted_ones = select i1 %carry_4, i1 %p_s, i1 %Range1_all_ones" [mandelbrotHLS/mandel.cpp:20]   --->   Operation 86 'select' 'deleted_ones' <Predicate = true> <Delay = 0.00> <Core = "Sel">   --->   Core 26 'Sel' <Latency = 0> <II = 1> <Delay = 1.07> <FuncUnit> <Opcode : 'select'> <InPorts = 3> <OutPorts = 1>
ST_11 : Operation 87 [1/1] (0.99ns) (out node of the LUT)   --->   "%brmerge1001_demorgan = and i1 %p_Result_12, %deleted_ones" [mandelbrotHLS/mandel.cpp:20]   --->   Operation 87 'and' 'brmerge1001_demorgan' <Predicate = true> <Delay = 0.99> <Core = "LogicGate">   --->   Core 27 'LogicGate' <Latency = 0> <II = 1> <Delay = 0.97> <FuncUnit> <Opcode : 'and' 'or' 'xor'> <InPorts = 2> <OutPorts = 1>
ST_11 : Operation 88 [1/1] (0.00ns) (grouped into LUT with out node y2_V_2)   --->   "%y2_V = call i40 @_ssdm_op_PartSelect.i40.i80.i32.i32(i80 %r_V_18, i32 35, i32 74)" [mandelbrotHLS/mandel.cpp:21]   --->   Operation 88 'partselect' 'y2_V' <Predicate = true> <Delay = 0.00>
ST_11 : Operation 89 [1/1] (0.00ns) (grouped into LUT with out node y2_V_2)   --->   "%tmp_45 = call i1 @_ssdm_op_BitSelect.i1.i80.i32(i80 %r_V_18, i32 35)" [mandelbrotHLS/mandel.cpp:21]   --->   Operation 89 'bitselect' 'tmp_45' <Predicate = true> <Delay = 0.00>
ST_11 : Operation 90 [1/1] (0.00ns) (grouped into LUT with out node carry_6)   --->   "%p_Result_14 = call i1 @_ssdm_op_BitSelect.i1.i80.i32(i80 %r_V_18, i32 74)" [mandelbrotHLS/mandel.cpp:21]   --->   Operation 90 'bitselect' 'p_Result_14' <Predicate = true> <Delay = 0.00>
ST_11 : Operation 91 [1/1] (0.00ns) (grouped into LUT with out node y2_V_2)   --->   "%r_assign_3 = or i1 %r_5, %tmp_45" [mandelbrotHLS/mandel.cpp:21]   --->   Operation 91 'or' 'r_assign_3' <Predicate = true> <Delay = 0.00> <Core = "LogicGate">   --->   Core 27 'LogicGate' <Latency = 0> <II = 1> <Delay = 0.97> <FuncUnit> <Opcode : 'and' 'or' 'xor'> <InPorts = 2> <OutPorts = 1>
ST_11 : Operation 92 [1/1] (0.00ns) (grouped into LUT with out node y2_V_2)   --->   "%tmp_48 = call i1 @_ssdm_op_BitSelect.i1.i80.i32(i80 %r_V_18, i32 34)" [mandelbrotHLS/mandel.cpp:21]   --->   Operation 92 'bitselect' 'tmp_48' <Predicate = true> <Delay = 0.00>
ST_11 : Operation 93 [1/1] (0.00ns) (grouped into LUT with out node y2_V_2)   --->   "%tmp_18 = and i1 %tmp_48, %r_assign_3" [mandelbrotHLS/mandel.cpp:21]   --->   Operation 93 'and' 'tmp_18' <Predicate = true> <Delay = 0.00> <Core = "LogicGate">   --->   Core 27 'LogicGate' <Latency = 0> <II = 1> <Delay = 0.97> <FuncUnit> <Opcode : 'and' 'or' 'xor'> <InPorts = 2> <OutPorts = 1>
ST_11 : Operation 94 [1/1] (0.00ns) (grouped into LUT with out node y2_V_2)   --->   "%tmp_20 = zext i1 %tmp_18 to i40" [mandelbrotHLS/mandel.cpp:21]   --->   Operation 94 'zext' 'tmp_20' <Predicate = true> <Delay = 0.00>
ST_11 : Operation 95 [1/1] (2.88ns) (out node of the LUT)   --->   "%y2_V_2 = add nsw i40 %tmp_20, %y2_V" [mandelbrotHLS/mandel.cpp:21]   --->   Operation 95 'add' 'y2_V_2' <Predicate = true> <Delay = 2.88> <Core = "AddSub">   --->   Core 14 'AddSub' <Latency = 0> <II = 1> <Delay = 2.88> <FuncUnit> <Opcode : 'add' 'sub'> <InPorts = 2> <OutPorts = 1>
ST_11 : Operation 96 [1/1] (0.00ns) (grouped into LUT with out node carry_6)   --->   "%tmp_49 = call i1 @_ssdm_op_BitSelect.i1.i40.i32(i40 %y2_V_2, i32 39)" [mandelbrotHLS/mandel.cpp:21]   --->   Operation 96 'bitselect' 'tmp_49' <Predicate = true> <Delay = 0.00>
ST_11 : Operation 97 [1/1] (0.00ns) (grouped into LUT with out node carry_6)   --->   "%rev6 = xor i1 %tmp_49, true" [mandelbrotHLS/mandel.cpp:21]   --->   Operation 97 'xor' 'rev6' <Predicate = true> <Delay = 0.00> <Core = "LogicGate">   --->   Core 27 'LogicGate' <Latency = 0> <II = 1> <Delay = 0.97> <FuncUnit> <Opcode : 'and' 'or' 'xor'> <InPorts = 2> <OutPorts = 1>
ST_11 : Operation 98 [1/1] (0.97ns) (out node of the LUT)   --->   "%carry_6 = and i1 %p_Result_14, %rev6" [mandelbrotHLS/mandel.cpp:21]   --->   Operation 98 'and' 'carry_6' <Predicate = true> <Delay = 0.97> <Core = "LogicGate">   --->   Core 27 'LogicGate' <Latency = 0> <II = 1> <Delay = 0.97> <FuncUnit> <Opcode : 'and' 'or' 'xor'> <InPorts = 2> <OutPorts = 1>
ST_11 : Operation 99 [1/1] (0.00ns)   --->   "%p_Result_15 = call i1 @_ssdm_op_BitSelect.i1.i40.i32(i40 %y2_V_2, i32 39)" [mandelbrotHLS/mandel.cpp:21]   --->   Operation 99 'bitselect' 'p_Result_15' <Predicate = true> <Delay = 0.00>
ST_11 : Operation 100 [1/1] (0.00ns) (grouped into LUT with out node brmerge1008_demorgan)   --->   "%tmp_51 = call i1 @_ssdm_op_BitSelect.i1.i80.i32(i80 %r_V_18, i32 75)" [mandelbrotHLS/mandel.cpp:21]   --->   Operation 100 'bitselect' 'tmp_51' <Predicate = true> <Delay = 0.00>
ST_11 : Operation 101 [1/1] (0.00ns) (grouped into LUT with out node brmerge1008_demorgan)   --->   "%rev7 = xor i1 %tmp_51, true" [mandelbrotHLS/mandel.cpp:21]   --->   Operation 101 'xor' 'rev7' <Predicate = true> <Delay = 0.00> <Core = "LogicGate">   --->   Core 27 'LogicGate' <Latency = 0> <II = 1> <Delay = 0.97> <FuncUnit> <Opcode : 'and' 'or' 'xor'> <InPorts = 2> <OutPorts = 1>
ST_11 : Operation 102 [1/1] (0.00ns) (grouped into LUT with out node brmerge1008_demorgan)   --->   "%p_6 = and i1 %Range2_all_ones_2, %rev7" [mandelbrotHLS/mandel.cpp:21]   --->   Operation 102 'and' 'p_6' <Predicate = true> <Delay = 0.00> <Core = "LogicGate">   --->   Core 27 'LogicGate' <Latency = 0> <II = 1> <Delay = 0.97> <FuncUnit> <Opcode : 'and' 'or' 'xor'> <InPorts = 2> <OutPorts = 1>
ST_11 : Operation 103 [1/1] (0.00ns) (grouped into LUT with out node brmerge1008_demorgan)   --->   "%deleted_ones_3 = select i1 %carry_6, i1 %p_6, i1 %Range1_all_ones_3" [mandelbrotHLS/mandel.cpp:21]   --->   Operation 103 'select' 'deleted_ones_3' <Predicate = true> <Delay = 0.00> <Core = "Sel">   --->   Core 26 'Sel' <Latency = 0> <II = 1> <Delay = 1.07> <FuncUnit> <Opcode : 'select'> <InPorts = 3> <OutPorts = 1>
ST_11 : Operation 104 [1/1] (0.99ns) (out node of the LUT)   --->   "%brmerge1008_demorgan = and i1 %p_Result_15, %deleted_ones_3" [mandelbrotHLS/mandel.cpp:21]   --->   Operation 104 'and' 'brmerge1008_demorgan' <Predicate = true> <Delay = 0.99> <Core = "LogicGate">   --->   Core 27 'LogicGate' <Latency = 0> <II = 1> <Delay = 0.97> <FuncUnit> <Opcode : 'and' 'or' 'xor'> <InPorts = 2> <OutPorts = 1>

State 12 <SV = 11> <Delay = 5.09>
ST_12 : Operation 105 [1/1] (0.00ns) (grouped into LUT with out node brmerge9)   --->   "%deleted_zeros = select i1 %carry_4, i1 %Range1_all_ones, i1 %Range1_all_zeros" [mandelbrotHLS/mandel.cpp:20]   --->   Operation 105 'select' 'deleted_zeros' <Predicate = true> <Delay = 0.00> <Core = "Sel">   --->   Core 26 'Sel' <Latency = 0> <II = 1> <Delay = 1.07> <FuncUnit> <Opcode : 'select'> <InPorts = 3> <OutPorts = 1>
ST_12 : Operation 106 [1/1] (0.97ns)   --->   "%phitmp997_demorgan = and i1 %carry_4, %Range1_all_ones" [mandelbrotHLS/mandel.cpp:20]   --->   Operation 106 'and' 'phitmp997_demorgan' <Predicate = true> <Delay = 0.97> <Core = "LogicGate">   --->   Core 27 'LogicGate' <Latency = 0> <II = 1> <Delay = 0.97> <FuncUnit> <Opcode : 'and' 'or' 'xor'> <InPorts = 2> <OutPorts = 1>
ST_12 : Operation 107 [1/1] (0.00ns) (grouped into LUT with out node brmerge9)   --->   "%p_not = xor i1 %deleted_zeros, true" [mandelbrotHLS/mandel.cpp:20]   --->   Operation 107 'xor' 'p_not' <Predicate = true> <Delay = 0.00> <Core = "LogicGate">   --->   Core 27 'LogicGate' <Latency = 0> <II = 1> <Delay = 0.97> <FuncUnit> <Opcode : 'and' 'or' 'xor'> <InPorts = 2> <OutPorts = 1>
ST_12 : Operation 108 [1/1] (0.00ns) (grouped into LUT with out node brmerge9)   --->   "%brmerge = or i1 %p_Result_12, %p_not" [mandelbrotHLS/mandel.cpp:20]   --->   Operation 108 'or' 'brmerge' <Predicate = true> <Delay = 0.00> <Core = "LogicGate">   --->   Core 27 'LogicGate' <Latency = 0> <II = 1> <Delay = 0.97> <FuncUnit> <Opcode : 'and' 'or' 'xor'> <InPorts = 2> <OutPorts = 1>
ST_12 : Operation 109 [1/1] (0.97ns)   --->   "%tmp_17 = xor i1 %p_Result_s, true" [mandelbrotHLS/mandel.cpp:20]   --->   Operation 109 'xor' 'tmp_17' <Predicate = true> <Delay = 0.97> <Core = "LogicGate">   --->   Core 27 'LogicGate' <Latency = 0> <II = 1> <Delay = 0.97> <FuncUnit> <Opcode : 'and' 'or' 'xor'> <InPorts = 2> <OutPorts = 1>
ST_12 : Operation 110 [1/1] (0.00ns) (grouped into LUT with out node brmerge9)   --->   "%overflow = and i1 %brmerge, %tmp_17" [mandelbrotHLS/mandel.cpp:20]   --->   Operation 110 'and' 'overflow' <Predicate = true> <Delay = 0.00> <Core = "LogicGate">   --->   Core 27 'LogicGate' <Latency = 0> <II = 1> <Delay = 0.97> <FuncUnit> <Opcode : 'and' 'or' 'xor'> <InPorts = 2> <OutPorts = 1>
ST_12 : Operation 111 [1/1] (0.00ns) (grouped into LUT with out node underflow)   --->   "%tmp1_demorgan = or i1 %phitmp997_demorgan, %brmerge1001_demorgan" [mandelbrotHLS/mandel.cpp:20]   --->   Operation 111 'or' 'tmp1_demorgan' <Predicate = true> <Delay = 0.00> <Core = "LogicGate">   --->   Core 27 'LogicGate' <Latency = 0> <II = 1> <Delay = 0.97> <FuncUnit> <Opcode : 'and' 'or' 'xor'> <InPorts = 2> <OutPorts = 1>
ST_12 : Operation 112 [1/1] (0.00ns) (grouped into LUT with out node underflow)   --->   "%tmp1 = xor i1 %tmp1_demorgan, true" [mandelbrotHLS/mandel.cpp:20]   --->   Operation 112 'xor' 'tmp1' <Predicate = true> <Delay = 0.00> <Core = "LogicGate">   --->   Core 27 'LogicGate' <Latency = 0> <II = 1> <Delay = 0.97> <FuncUnit> <Opcode : 'and' 'or' 'xor'> <InPorts = 2> <OutPorts = 1>
ST_12 : Operation 113 [1/1] (0.97ns) (out node of the LUT)   --->   "%underflow = and i1 %p_Result_s, %tmp1" [mandelbrotHLS/mandel.cpp:20]   --->   Operation 113 'and' 'underflow' <Predicate = true> <Delay = 0.97> <Core = "LogicGate">   --->   Core 27 'LogicGate' <Latency = 0> <II = 1> <Delay = 0.97> <FuncUnit> <Opcode : 'and' 'or' 'xor'> <InPorts = 2> <OutPorts = 1>
ST_12 : Operation 114 [1/1] (0.99ns) (out node of the LUT)   --->   "%brmerge9 = or i1 %underflow, %overflow" [mandelbrotHLS/mandel.cpp:20]   --->   Operation 114 'or' 'brmerge9' <Predicate = true> <Delay = 0.99> <Core = "LogicGate">   --->   Core 27 'LogicGate' <Latency = 0> <II = 1> <Delay = 0.97> <FuncUnit> <Opcode : 'and' 'or' 'xor'> <InPorts = 2> <OutPorts = 1>
ST_12 : Operation 115 [1/1] (0.00ns) (grouped into LUT with out node p_Val2_20)   --->   "%tmp2 = or i1 %brmerge1001_demorgan, %tmp_17" [mandelbrotHLS/mandel.cpp:20]   --->   Operation 115 'or' 'tmp2' <Predicate = true> <Delay = 0.00> <Core = "LogicGate">   --->   Core 27 'LogicGate' <Latency = 0> <II = 1> <Delay = 0.97> <FuncUnit> <Opcode : 'and' 'or' 'xor'> <InPorts = 2> <OutPorts = 1>
ST_12 : Operation 116 [1/1] (0.00ns) (grouped into LUT with out node p_Val2_20)   --->   "%p_1035_not = or i1 %tmp2, %phitmp997_demorgan" [mandelbrotHLS/mandel.cpp:20]   --->   Operation 116 'or' 'p_1035_not' <Predicate = true> <Delay = 0.00> <Core = "LogicGate">   --->   Core 27 'LogicGate' <Latency = 0> <II = 1> <Delay = 0.97> <FuncUnit> <Opcode : 'and' 'or' 'xor'> <InPorts = 2> <OutPorts = 1>
ST_12 : Operation 117 [1/1] (1.07ns) (out node of the LUT)   --->   "%p_mux = select i1 %brmerge9, i40 549755813887, i40 %x2_V_1" [mandelbrotHLS/mandel.cpp:20]   --->   Operation 117 'select' 'p_mux' <Predicate = true> <Delay = 1.07> <Core = "Sel">   --->   Core 26 'Sel' <Latency = 0> <II = 1> <Delay = 1.07> <FuncUnit> <Opcode : 'select'> <InPorts = 3> <OutPorts = 1>
ST_12 : Operation 118 [1/1] (0.00ns) (grouped into LUT with out node p_Val2_20)   --->   "%p_5 = select i1 %underflow, i40 -549755813888, i40 %x2_V_1" [mandelbrotHLS/mandel.cpp:20]   --->   Operation 118 'select' 'p_5' <Predicate = true> <Delay = 0.00> <Core = "Sel">   --->   Core 26 'Sel' <Latency = 0> <II = 1> <Delay = 1.07> <FuncUnit> <Opcode : 'select'> <InPorts = 3> <OutPorts = 1>
ST_12 : Operation 119 [1/1] (1.07ns) (out node of the LUT)   --->   "%p_Val2_20 = select i1 %p_1035_not, i40 %p_mux, i40 %p_5" [mandelbrotHLS/mandel.cpp:20]   --->   Operation 119 'select' 'p_Val2_20' <Predicate = true> <Delay = 1.07> <Core = "Sel">   --->   Core 26 'Sel' <Latency = 0> <II = 1> <Delay = 1.07> <FuncUnit> <Opcode : 'select'> <InPorts = 3> <OutPorts = 1>
ST_12 : Operation 120 [1/1] (0.00ns) (grouped into LUT with out node brmerge2)   --->   "%deleted_zeros_2 = select i1 %carry_6, i1 %Range1_all_ones_3, i1 %Range1_all_zeros_2" [mandelbrotHLS/mandel.cpp:21]   --->   Operation 120 'select' 'deleted_zeros_2' <Predicate = true> <Delay = 0.00> <Core = "Sel">   --->   Core 26 'Sel' <Latency = 0> <II = 1> <Delay = 1.07> <FuncUnit> <Opcode : 'select'> <InPorts = 3> <OutPorts = 1>
ST_12 : Operation 121 [1/1] (0.97ns)   --->   "%phitmp996_demorgan = and i1 %carry_6, %Range1_all_ones_3" [mandelbrotHLS/mandel.cpp:21]   --->   Operation 121 'and' 'phitmp996_demorgan' <Predicate = true> <Delay = 0.97> <Core = "LogicGate">   --->   Core 27 'LogicGate' <Latency = 0> <II = 1> <Delay = 0.97> <FuncUnit> <Opcode : 'and' 'or' 'xor'> <InPorts = 2> <OutPorts = 1>
ST_12 : Operation 122 [1/1] (0.00ns) (grouped into LUT with out node brmerge2)   --->   "%p_not7 = xor i1 %deleted_zeros_2, true" [mandelbrotHLS/mandel.cpp:21]   --->   Operation 122 'xor' 'p_not7' <Predicate = true> <Delay = 0.00> <Core = "LogicGate">   --->   Core 27 'LogicGate' <Latency = 0> <II = 1> <Delay = 0.97> <FuncUnit> <Opcode : 'and' 'or' 'xor'> <InPorts = 2> <OutPorts = 1>
ST_12 : Operation 123 [1/1] (0.00ns) (grouped into LUT with out node brmerge2)   --->   "%brmerge1 = or i1 %p_Result_15, %p_not7" [mandelbrotHLS/mandel.cpp:21]   --->   Operation 123 'or' 'brmerge1' <Predicate = true> <Delay = 0.00> <Core = "LogicGate">   --->   Core 27 'LogicGate' <Latency = 0> <II = 1> <Delay = 0.97> <FuncUnit> <Opcode : 'and' 'or' 'xor'> <InPorts = 2> <OutPorts = 1>
ST_12 : Operation 124 [1/1] (0.97ns)   --->   "%tmp_21 = xor i1 %p_Result_13, true" [mandelbrotHLS/mandel.cpp:21]   --->   Operation 124 'xor' 'tmp_21' <Predicate = true> <Delay = 0.97> <Core = "LogicGate">   --->   Core 27 'LogicGate' <Latency = 0> <II = 1> <Delay = 0.97> <FuncUnit> <Opcode : 'and' 'or' 'xor'> <InPorts = 2> <OutPorts = 1>
ST_12 : Operation 125 [1/1] (0.00ns) (grouped into LUT with out node brmerge2)   --->   "%overflow_3 = and i1 %brmerge1, %tmp_21" [mandelbrotHLS/mandel.cpp:21]   --->   Operation 125 'and' 'overflow_3' <Predicate = true> <Delay = 0.00> <Core = "LogicGate">   --->   Core 27 'LogicGate' <Latency = 0> <II = 1> <Delay = 0.97> <FuncUnit> <Opcode : 'and' 'or' 'xor'> <InPorts = 2> <OutPorts = 1>
ST_12 : Operation 126 [1/1] (0.00ns) (grouped into LUT with out node underflow_4)   --->   "%tmp3_demorgan = or i1 %phitmp996_demorgan, %brmerge1008_demorgan" [mandelbrotHLS/mandel.cpp:21]   --->   Operation 126 'or' 'tmp3_demorgan' <Predicate = true> <Delay = 0.00> <Core = "LogicGate">   --->   Core 27 'LogicGate' <Latency = 0> <II = 1> <Delay = 0.97> <FuncUnit> <Opcode : 'and' 'or' 'xor'> <InPorts = 2> <OutPorts = 1>
ST_12 : Operation 127 [1/1] (0.00ns) (grouped into LUT with out node underflow_4)   --->   "%tmp3 = xor i1 %tmp3_demorgan, true" [mandelbrotHLS/mandel.cpp:21]   --->   Operation 127 'xor' 'tmp3' <Predicate = true> <Delay = 0.00> <Core = "LogicGate">   --->   Core 27 'LogicGate' <Latency = 0> <II = 1> <Delay = 0.97> <FuncUnit> <Opcode : 'and' 'or' 'xor'> <InPorts = 2> <OutPorts = 1>
ST_12 : Operation 128 [1/1] (0.97ns) (out node of the LUT)   --->   "%underflow_4 = and i1 %p_Result_13, %tmp3" [mandelbrotHLS/mandel.cpp:21]   --->   Operation 128 'and' 'underflow_4' <Predicate = true> <Delay = 0.97> <Core = "LogicGate">   --->   Core 27 'LogicGate' <Latency = 0> <II = 1> <Delay = 0.97> <FuncUnit> <Opcode : 'and' 'or' 'xor'> <InPorts = 2> <OutPorts = 1>
ST_12 : Operation 129 [1/1] (0.99ns) (out node of the LUT)   --->   "%brmerge2 = or i1 %underflow_4, %overflow_3" [mandelbrotHLS/mandel.cpp:21]   --->   Operation 129 'or' 'brmerge2' <Predicate = true> <Delay = 0.99> <Core = "LogicGate">   --->   Core 27 'LogicGate' <Latency = 0> <II = 1> <Delay = 0.97> <FuncUnit> <Opcode : 'and' 'or' 'xor'> <InPorts = 2> <OutPorts = 1>
ST_12 : Operation 130 [1/1] (0.00ns) (grouped into LUT with out node p_Val2_11)   --->   "%tmp4 = or i1 %brmerge1008_demorgan, %tmp_21" [mandelbrotHLS/mandel.cpp:21]   --->   Operation 130 'or' 'tmp4' <Predicate = true> <Delay = 0.00> <Core = "LogicGate">   --->   Core 27 'LogicGate' <Latency = 0> <II = 1> <Delay = 0.97> <FuncUnit> <Opcode : 'and' 'or' 'xor'> <InPorts = 2> <OutPorts = 1>
ST_12 : Operation 131 [1/1] (0.00ns) (grouped into LUT with out node p_Val2_11)   --->   "%p_1036_not = or i1 %tmp4, %phitmp996_demorgan" [mandelbrotHLS/mandel.cpp:21]   --->   Operation 131 'or' 'p_1036_not' <Predicate = true> <Delay = 0.00> <Core = "LogicGate">   --->   Core 27 'LogicGate' <Latency = 0> <II = 1> <Delay = 0.97> <FuncUnit> <Opcode : 'and' 'or' 'xor'> <InPorts = 2> <OutPorts = 1>
ST_12 : Operation 132 [1/1] (1.07ns) (out node of the LUT)   --->   "%p_mux4 = select i1 %brmerge2, i40 549755813887, i40 %y2_V_2" [mandelbrotHLS/mandel.cpp:21]   --->   Operation 132 'select' 'p_mux4' <Predicate = true> <Delay = 1.07> <Core = "Sel">   --->   Core 26 'Sel' <Latency = 0> <II = 1> <Delay = 1.07> <FuncUnit> <Opcode : 'select'> <InPorts = 3> <OutPorts = 1>
ST_12 : Operation 133 [1/1] (0.00ns) (grouped into LUT with out node p_Val2_11)   --->   "%p_7 = select i1 %underflow_4, i40 -549755813888, i40 %y2_V_2" [mandelbrotHLS/mandel.cpp:21]   --->   Operation 133 'select' 'p_7' <Predicate = true> <Delay = 0.00> <Core = "Sel">   --->   Core 26 'Sel' <Latency = 0> <II = 1> <Delay = 1.07> <FuncUnit> <Opcode : 'select'> <InPorts = 3> <OutPorts = 1>
ST_12 : Operation 134 [1/1] (1.07ns) (out node of the LUT)   --->   "%p_Val2_11 = select i1 %p_1036_not, i40 %p_mux4, i40 %p_7" [mandelbrotHLS/mandel.cpp:21]   --->   Operation 134 'select' 'p_Val2_11' <Predicate = true> <Delay = 1.07> <Core = "Sel">   --->   Core 26 'Sel' <Latency = 0> <II = 1> <Delay = 1.07> <FuncUnit> <Opcode : 'select'> <InPorts = 3> <OutPorts = 1>

State 13 <SV = 12> <Delay = 2.88>
ST_13 : Operation 135 [1/1] (0.00ns)   --->   "%lhs_V = sext i40 %p_Val2_20 to i41" [mandelbrotHLS/mandel.cpp:24]   --->   Operation 135 'sext' 'lhs_V' <Predicate = true> <Delay = 0.00>
ST_13 : Operation 136 [1/1] (0.00ns)   --->   "%rhs_V = sext i40 %p_Val2_11 to i41" [mandelbrotHLS/mandel.cpp:24]   --->   Operation 136 'sext' 'rhs_V' <Predicate = true> <Delay = 0.00>
ST_13 : Operation 137 [1/1] (2.88ns)   --->   "%ret_V = add nsw i41 %lhs_V, %rhs_V" [mandelbrotHLS/mandel.cpp:24]   --->   Operation 137 'add' 'ret_V' <Predicate = true> <Delay = 2.88> <Core = "AddSub">   --->   Core 14 'AddSub' <Latency = 0> <II = 1> <Delay = 2.88> <FuncUnit> <Opcode : 'add' 'sub'> <InPorts = 2> <OutPorts = 1>

State 14 <SV = 13> <Delay = 4.32>
ST_14 : Operation 138 [1/1] (0.00ns)   --->   "call void (...)* @_ssdm_op_SpecLoopName([17 x i8]* @p_str4) nounwind" [mandelbrotHLS/mandel.cpp:19]   --->   Operation 138 'specloopname' <Predicate = true> <Delay = 0.00>
ST_14 : Operation 139 [1/1] (0.00ns)   --->   "%tmp_1 = call i32 (...)* @_ssdm_op_SpecRegionBegin([17 x i8]* @p_str4)" [mandelbrotHLS/mandel.cpp:19]   --->   Operation 139 'specregionbegin' 'tmp_1' <Predicate = true> <Delay = 0.00>
ST_14 : Operation 140 [1/1] (0.00ns)   --->   "call void (...)* @_ssdm_op_SpecLoopTripCount(i32 0, i32 65535, i32 2000, [1 x i8]* @p_str2) nounwind" [mandelbrotHLS/mandel.cpp:20]   --->   Operation 140 'speclooptripcount' <Predicate = true> <Delay = 0.00>
ST_14 : Operation 141 [1/1] (2.65ns)   --->   "%tmp_22 = icmp sgt i41 %ret_V, 137438953472" [mandelbrotHLS/mandel.cpp:24]   --->   Operation 141 'icmp' 'tmp_22' <Predicate = true> <Delay = 2.65> <Core = "Cmp">   --->   Core 25 'Cmp' <Latency = 0> <II = 1> <Delay = 2.64> <FuncUnit> <Opcode : 'icmp'> <InPorts = 2> <OutPorts = 1>
ST_14 : Operation 142 [1/1] (1.66ns)   --->   "br i1 %tmp_22, label %.loopexit.loopexit, label %_ZN13ap_fixed_baseILi41ELi6ELb1EL9ap_q_mode5EL9ap_o_mode3ELi0EEC1ILi40ELi5ELb1ELS0_4ELS1_0ELi0EEERKS_IXT_EXT0_EXT1_EXT2_EXT3_EXT4_EE.exit9.i_ifconv" [mandelbrotHLS/mandel.cpp:24]   --->   Operation 142 'br' <Predicate = true> <Delay = 1.66>
ST_14 : Operation 143 [1/1] (2.88ns)   --->   "%ret_V_11 = sub nsw i41 %lhs_V, %rhs_V" [mandelbrotHLS/mandel.cpp:26]   --->   Operation 143 'sub' 'ret_V_11' <Predicate = (!tmp_22)> <Delay = 2.88> <Core = "AddSub">   --->   Core 14 'AddSub' <Latency = 0> <II = 1> <Delay = 2.88> <FuncUnit> <Opcode : 'add' 'sub'> <InPorts = 2> <OutPorts = 1>
ST_14 : Operation 144 [1/1] (0.00ns)   --->   "%tmp_52 = trunc i41 %ret_V_11 to i40" [mandelbrotHLS/mandel.cpp:26]   --->   Operation 144 'trunc' 'tmp_52' <Predicate = (!tmp_22)> <Delay = 0.00>
ST_14 : Operation 145 [1/1] (0.00ns)   --->   "%r_V_15 = call i41 @_ssdm_op_BitConcatenate.i41.i40.i1(i40 %x, i1 false)" [mandelbrotHLS/mandel.cpp:27]   --->   Operation 145 'bitconcatenate' 'r_V_15' <Predicate = (!tmp_22)> <Delay = 0.00>
ST_14 : Operation 146 [1/1] (0.00ns)   --->   "%r_V_17_cast = sext i41 %r_V_15 to i81" [mandelbrotHLS/mandel.cpp:27]   --->   Operation 146 'sext' 'r_V_17_cast' <Predicate = (!tmp_22)> <Delay = 0.00>
ST_14 : Operation 147 [1/1] (0.00ns)   --->   "%tmp_53_cast = sext i40 %y to i81" [mandelbrotHLS/mandel.cpp:27]   --->   Operation 147 'sext' 'tmp_53_cast' <Predicate = (!tmp_22)> <Delay = 0.00>
ST_14 : Operation 148 [6/6] (3.89ns)   --->   "%r_V_19 = mul i81 %tmp_53_cast, %r_V_17_cast" [mandelbrotHLS/mandel.cpp:27]   --->   Operation 148 'mul' 'r_V_19' <Predicate = (!tmp_22)> <Delay = 3.89> <Core = "MulnS">   --->   Core 17 'MulnS' <Latency = 5> <II = 1> <Delay = 3.89> <FuncUnit> <Opcode : 'mul'> <InPorts = 2> <OutPorts = 1>

State 15 <SV = 14> <Delay = 4.82>
ST_15 : Operation 149 [1/1] (0.00ns)   --->   "%lhs_V_2 = sext i41 %ret_V_11 to i42" [mandelbrotHLS/mandel.cpp:26]   --->   Operation 149 'sext' 'lhs_V_2' <Predicate = true> <Delay = 0.00>
ST_15 : Operation 150 [1/1] (2.91ns)   --->   "%ret_V_12 = add nsw i42 %rhs_V_2, %lhs_V_2" [mandelbrotHLS/mandel.cpp:26]   --->   Operation 150 'add' 'ret_V_12' <Predicate = true> <Delay = 2.91> <Core = "AddSub">   --->   Core 14 'AddSub' <Latency = 0> <II = 1> <Delay = 2.88> <FuncUnit> <Opcode : 'add' 'sub'> <InPorts = 2> <OutPorts = 1>
ST_15 : Operation 151 [1/1] (0.00ns)   --->   "%p_Result_16 = call i1 @_ssdm_op_BitSelect.i1.i42.i32(i42 %ret_V_12, i32 41)" [mandelbrotHLS/mandel.cpp:26]   --->   Operation 151 'bitselect' 'p_Result_16' <Predicate = true> <Delay = 0.00>
ST_15 : Operation 152 [1/1] (2.88ns)   --->   "%xtemp_V = add i40 %x_in_V_read, %tmp_52" [mandelbrotHLS/mandel.cpp:26]   --->   Operation 152 'add' 'xtemp_V' <Predicate = true> <Delay = 2.88> <Core = "AddSub">   --->   Core 14 'AddSub' <Latency = 0> <II = 1> <Delay = 2.88> <FuncUnit> <Opcode : 'add' 'sub'> <InPorts = 2> <OutPorts = 1>
ST_15 : Operation 153 [1/1] (0.00ns)   --->   "%p_Result_17 = call i1 @_ssdm_op_BitSelect.i1.i40.i32(i40 %xtemp_V, i32 39)" [mandelbrotHLS/mandel.cpp:26]   --->   Operation 153 'bitselect' 'p_Result_17' <Predicate = true> <Delay = 0.00>
ST_15 : Operation 154 [1/1] (0.00ns)   --->   "%p_Result_4 = call i2 @_ssdm_op_PartSelect.i2.i42.i32.i32(i42 %ret_V_12, i32 40, i32 41)" [mandelbrotHLS/mandel.cpp:26]   --->   Operation 154 'partselect' 'p_Result_4' <Predicate = true> <Delay = 0.00>
ST_15 : Operation 155 [1/1] (0.93ns)   --->   "%p_not9 = icmp ne i2 %p_Result_4, 0" [mandelbrotHLS/mandel.cpp:26]   --->   Operation 155 'icmp' 'p_not9' <Predicate = true> <Delay = 0.93> <Core = "Cmp">   --->   Core 25 'Cmp' <Latency = 0> <II = 1> <Delay = 2.64> <FuncUnit> <Opcode : 'icmp'> <InPorts = 2> <OutPorts = 1>
ST_15 : Operation 156 [1/1] (0.00ns) (grouped into LUT with out node overflow_4)   --->   "%brmerge3 = or i1 %p_Result_17, %p_not9" [mandelbrotHLS/mandel.cpp:26]   --->   Operation 156 'or' 'brmerge3' <Predicate = true> <Delay = 0.00> <Core = "LogicGate">   --->   Core 27 'LogicGate' <Latency = 0> <II = 1> <Delay = 0.97> <FuncUnit> <Opcode : 'and' 'or' 'xor'> <InPorts = 2> <OutPorts = 1>
ST_15 : Operation 157 [1/1] (0.00ns) (grouped into LUT with out node overflow_4)   --->   "%tmp_23 = xor i1 %p_Result_16, true" [mandelbrotHLS/mandel.cpp:26]   --->   Operation 157 'xor' 'tmp_23' <Predicate = true> <Delay = 0.00> <Core = "LogicGate">   --->   Core 27 'LogicGate' <Latency = 0> <II = 1> <Delay = 0.97> <FuncUnit> <Opcode : 'and' 'or' 'xor'> <InPorts = 2> <OutPorts = 1>
ST_15 : Operation 158 [1/1] (0.97ns) (out node of the LUT)   --->   "%overflow_4 = and i1 %brmerge3, %tmp_23" [mandelbrotHLS/mandel.cpp:26]   --->   Operation 158 'and' 'overflow_4' <Predicate = true> <Delay = 0.97> <Core = "LogicGate">   --->   Core 27 'LogicGate' <Latency = 0> <II = 1> <Delay = 0.97> <FuncUnit> <Opcode : 'and' 'or' 'xor'> <InPorts = 2> <OutPorts = 1>
ST_15 : Operation 159 [1/1] (0.00ns) (grouped into LUT with out node underflow_5)   --->   "%newsignbit_i_i_i_i = xor i1 %p_Result_17, true" [mandelbrotHLS/mandel.cpp:26]   --->   Operation 159 'xor' 'newsignbit_i_i_i_i' <Predicate = true> <Delay = 0.00> <Core = "LogicGate">   --->   Core 27 'LogicGate' <Latency = 0> <II = 1> <Delay = 0.97> <FuncUnit> <Opcode : 'and' 'or' 'xor'> <InPorts = 2> <OutPorts = 1>
ST_15 : Operation 160 [1/1] (0.93ns)   --->   "%p_not1 = icmp ne i2 %p_Result_4, -1" [mandelbrotHLS/mandel.cpp:26]   --->   Operation 160 'icmp' 'p_not1' <Predicate = true> <Delay = 0.93> <Core = "Cmp">   --->   Core 25 'Cmp' <Latency = 0> <II = 1> <Delay = 2.64> <FuncUnit> <Opcode : 'icmp'> <InPorts = 2> <OutPorts = 1>
ST_15 : Operation 161 [1/1] (0.00ns) (grouped into LUT with out node underflow_5)   --->   "%brmerge4 = or i1 %p_not1, %newsignbit_i_i_i_i" [mandelbrotHLS/mandel.cpp:26]   --->   Operation 161 'or' 'brmerge4' <Predicate = true> <Delay = 0.00> <Core = "LogicGate">   --->   Core 27 'LogicGate' <Latency = 0> <II = 1> <Delay = 0.97> <FuncUnit> <Opcode : 'and' 'or' 'xor'> <InPorts = 2> <OutPorts = 1>
ST_15 : Operation 162 [1/1] (0.97ns) (out node of the LUT)   --->   "%underflow_5 = and i1 %brmerge4, %p_Result_16" [mandelbrotHLS/mandel.cpp:26]   --->   Operation 162 'and' 'underflow_5' <Predicate = true> <Delay = 0.97> <Core = "LogicGate">   --->   Core 27 'LogicGate' <Latency = 0> <II = 1> <Delay = 0.97> <FuncUnit> <Opcode : 'and' 'or' 'xor'> <InPorts = 2> <OutPorts = 1>
ST_15 : Operation 163 [5/6] (3.89ns)   --->   "%r_V_19 = mul i81 %tmp_53_cast, %r_V_17_cast" [mandelbrotHLS/mandel.cpp:27]   --->   Operation 163 'mul' 'r_V_19' <Predicate = true> <Delay = 3.89> <Core = "MulnS">   --->   Core 17 'MulnS' <Latency = 5> <II = 1> <Delay = 3.89> <FuncUnit> <Opcode : 'mul'> <InPorts = 2> <OutPorts = 1>

State 16 <SV = 15> <Delay = 4.79>
ST_16 : Operation 164 [1/1] (0.00ns) (grouped into LUT with out node p_mux5)   --->   "%brmerge5 = or i1 %underflow_5, %overflow_4" [mandelbrotHLS/mandel.cpp:26]   --->   Operation 164 'or' 'brmerge5' <Predicate = true> <Delay = 0.00> <Core = "LogicGate">   --->   Core 27 'LogicGate' <Latency = 0> <II = 1> <Delay = 0.97> <FuncUnit> <Opcode : 'and' 'or' 'xor'> <InPorts = 2> <OutPorts = 1>
ST_16 : Operation 165 [1/1] (0.00ns) (grouped into LUT with out node x_V)   --->   "%p_1029_not = xor i1 %underflow_5, true" [mandelbrotHLS/mandel.cpp:26]   --->   Operation 165 'xor' 'p_1029_not' <Predicate = true> <Delay = 0.00> <Core = "LogicGate">   --->   Core 27 'LogicGate' <Latency = 0> <II = 1> <Delay = 0.97> <FuncUnit> <Opcode : 'and' 'or' 'xor'> <InPorts = 2> <OutPorts = 1>
ST_16 : Operation 166 [1/1] (0.00ns) (grouped into LUT with out node x_V)   --->   "%brmerge6 = or i1 %overflow_4, %p_1029_not" [mandelbrotHLS/mandel.cpp:26]   --->   Operation 166 'or' 'brmerge6' <Predicate = true> <Delay = 0.00> <Core = "LogicGate">   --->   Core 27 'LogicGate' <Latency = 0> <II = 1> <Delay = 0.97> <FuncUnit> <Opcode : 'and' 'or' 'xor'> <InPorts = 2> <OutPorts = 1>
ST_16 : Operation 167 [1/1] (1.07ns) (out node of the LUT)   --->   "%p_mux5 = select i1 %brmerge5, i40 549755813887, i40 %xtemp_V" [mandelbrotHLS/mandel.cpp:26]   --->   Operation 167 'select' 'p_mux5' <Predicate = true> <Delay = 1.07> <Core = "Sel">   --->   Core 26 'Sel' <Latency = 0> <II = 1> <Delay = 1.07> <FuncUnit> <Opcode : 'select'> <InPorts = 3> <OutPorts = 1>
ST_16 : Operation 168 [1/1] (0.00ns) (grouped into LUT with out node x_V)   --->   "%p_8 = select i1 %underflow_5, i40 -549755813888, i40 %xtemp_V" [mandelbrotHLS/mandel.cpp:26]   --->   Operation 168 'select' 'p_8' <Predicate = true> <Delay = 0.00> <Core = "Sel">   --->   Core 26 'Sel' <Latency = 0> <II = 1> <Delay = 1.07> <FuncUnit> <Opcode : 'select'> <InPorts = 3> <OutPorts = 1>
ST_16 : Operation 169 [1/1] (1.07ns) (out node of the LUT)   --->   "%x_V = select i1 %brmerge6, i40 %p_mux5, i40 %p_8" [mandelbrotHLS/mandel.cpp:26]   --->   Operation 169 'select' 'x_V' <Predicate = true> <Delay = 1.07> <Core = "Sel">   --->   Core 26 'Sel' <Latency = 0> <II = 1> <Delay = 1.07> <FuncUnit> <Opcode : 'select'> <InPorts = 3> <OutPorts = 1>
ST_16 : Operation 170 [4/6] (3.89ns)   --->   "%r_V_19 = mul i81 %tmp_53_cast, %r_V_17_cast" [mandelbrotHLS/mandel.cpp:27]   --->   Operation 170 'mul' 'r_V_19' <Predicate = true> <Delay = 3.89> <Core = "MulnS">   --->   Core 17 'MulnS' <Latency = 5> <II = 1> <Delay = 3.89> <FuncUnit> <Opcode : 'mul'> <InPorts = 2> <OutPorts = 1>
ST_16 : Operation 171 [1/1] (2.64ns)   --->   "%tmp_28 = icmp eq i40 %x, %x_V" [mandelbrotHLS/mandel.cpp:28]   --->   Operation 171 'icmp' 'tmp_28' <Predicate = true> <Delay = 2.64> <Core = "Cmp">   --->   Core 25 'Cmp' <Latency = 0> <II = 1> <Delay = 2.64> <FuncUnit> <Opcode : 'icmp'> <InPorts = 2> <OutPorts = 1>

State 17 <SV = 16> <Delay = 3.89>
ST_17 : Operation 172 [3/6] (3.89ns)   --->   "%r_V_19 = mul i81 %tmp_53_cast, %r_V_17_cast" [mandelbrotHLS/mandel.cpp:27]   --->   Operation 172 'mul' 'r_V_19' <Predicate = true> <Delay = 3.89> <Core = "MulnS">   --->   Core 17 'MulnS' <Latency = 5> <II = 1> <Delay = 3.89> <FuncUnit> <Opcode : 'mul'> <InPorts = 2> <OutPorts = 1>

State 18 <SV = 17> <Delay = 3.89>
ST_18 : Operation 173 [2/6] (3.89ns)   --->   "%r_V_19 = mul i81 %tmp_53_cast, %r_V_17_cast" [mandelbrotHLS/mandel.cpp:27]   --->   Operation 173 'mul' 'r_V_19' <Predicate = true> <Delay = 3.89> <Core = "MulnS">   --->   Core 17 'MulnS' <Latency = 5> <II = 1> <Delay = 3.89> <FuncUnit> <Opcode : 'mul'> <InPorts = 2> <OutPorts = 1>

State 19 <SV = 18> <Delay = 3.89>
ST_19 : Operation 174 [1/6] (3.89ns)   --->   "%r_V_19 = mul i81 %tmp_53_cast, %r_V_17_cast" [mandelbrotHLS/mandel.cpp:27]   --->   Operation 174 'mul' 'r_V_19' <Predicate = true> <Delay = 3.89> <Core = "MulnS">   --->   Core 17 'MulnS' <Latency = 5> <II = 1> <Delay = 3.89> <FuncUnit> <Opcode : 'mul'> <InPorts = 2> <OutPorts = 1>
ST_19 : Operation 175 [1/1] (0.00ns)   --->   "%tmp_57 = trunc i81 %r_V_19 to i34" [mandelbrotHLS/mandel.cpp:27]   --->   Operation 175 'trunc' 'tmp_57' <Predicate = true> <Delay = 0.00>

State 20 <SV = 19> <Delay = 4.04>
ST_20 : Operation 176 [1/1] (4.04ns)   --->   "%ret_V_13 = add i81 %r_V_19, %rhs_V_5_cast" [mandelbrotHLS/mandel.cpp:27]   --->   Operation 176 'add' 'ret_V_13' <Predicate = true> <Delay = 4.04> <Core = "AddSub">   --->   Core 14 'AddSub' <Latency = 0> <II = 1> <Delay = 2.88> <FuncUnit> <Opcode : 'add' 'sub'> <InPorts = 2> <OutPorts = 1>
ST_20 : Operation 177 [1/1] (0.00ns)   --->   "%p_Result_18 = call i1 @_ssdm_op_BitSelect.i1.i81.i32(i81 %ret_V_13, i32 80)" [mandelbrotHLS/mandel.cpp:27]   --->   Operation 177 'bitselect' 'p_Result_18' <Predicate = true> <Delay = 0.00>
ST_20 : Operation 178 [1/1] (2.49ns)   --->   "%r_6 = icmp ne i34 %tmp_57, 0" [mandelbrotHLS/mandel.cpp:27]   --->   Operation 178 'icmp' 'r_6' <Predicate = true> <Delay = 2.49> <Core = "Cmp">   --->   Core 25 'Cmp' <Latency = 0> <II = 1> <Delay = 2.64> <FuncUnit> <Opcode : 'icmp'> <InPorts = 2> <OutPorts = 1>
ST_20 : Operation 179 [1/1] (0.00ns)   --->   "%tmp_19 = call i5 @_ssdm_op_PartSelect.i5.i81.i32.i32(i81 %ret_V_13, i32 76, i32 80)" [mandelbrotHLS/mandel.cpp:27]   --->   Operation 179 'partselect' 'tmp_19' <Predicate = true> <Delay = 0.00>
ST_20 : Operation 180 [1/1] (0.00ns)   --->   "%tmp_26 = call i6 @_ssdm_op_PartSelect.i6.i81.i32.i32(i81 %ret_V_13, i32 75, i32 80)" [mandelbrotHLS/mandel.cpp:27]   --->   Operation 180 'partselect' 'tmp_26' <Predicate = true> <Delay = 0.00>

State 21 <SV = 20> <Delay = 4.85>
ST_21 : Operation 181 [1/1] (0.00ns) (grouped into LUT with out node ytemp_V_1)   --->   "%ytemp_V = call i40 @_ssdm_op_PartSelect.i40.i81.i32.i32(i81 %ret_V_13, i32 35, i32 74)" [mandelbrotHLS/mandel.cpp:27]   --->   Operation 181 'partselect' 'ytemp_V' <Predicate = true> <Delay = 0.00>
ST_21 : Operation 182 [1/1] (0.00ns) (grouped into LUT with out node ytemp_V_1)   --->   "%tmp_56 = call i1 @_ssdm_op_BitSelect.i1.i81.i32(i81 %ret_V_13, i32 35)" [mandelbrotHLS/mandel.cpp:27]   --->   Operation 182 'bitselect' 'tmp_56' <Predicate = true> <Delay = 0.00>
ST_21 : Operation 183 [1/1] (0.00ns) (grouped into LUT with out node carry_8)   --->   "%p_Result_19 = call i1 @_ssdm_op_BitSelect.i1.i81.i32(i81 %ret_V_13, i32 74)" [mandelbrotHLS/mandel.cpp:27]   --->   Operation 183 'bitselect' 'p_Result_19' <Predicate = true> <Delay = 0.00>
ST_21 : Operation 184 [1/1] (0.00ns) (grouped into LUT with out node ytemp_V_1)   --->   "%r_assign_5 = or i1 %r_6, %tmp_56" [mandelbrotHLS/mandel.cpp:27]   --->   Operation 184 'or' 'r_assign_5' <Predicate = true> <Delay = 0.00> <Core = "LogicGate">   --->   Core 27 'LogicGate' <Latency = 0> <II = 1> <Delay = 0.97> <FuncUnit> <Opcode : 'and' 'or' 'xor'> <InPorts = 2> <OutPorts = 1>
ST_21 : Operation 185 [1/1] (0.00ns) (grouped into LUT with out node ytemp_V_1)   --->   "%tmp_59 = call i1 @_ssdm_op_BitSelect.i1.i81.i32(i81 %ret_V_13, i32 34)" [mandelbrotHLS/mandel.cpp:27]   --->   Operation 185 'bitselect' 'tmp_59' <Predicate = true> <Delay = 0.00>
ST_21 : Operation 186 [1/1] (0.00ns) (grouped into LUT with out node ytemp_V_1)   --->   "%tmp_24 = and i1 %tmp_59, %r_assign_5" [mandelbrotHLS/mandel.cpp:27]   --->   Operation 186 'and' 'tmp_24' <Predicate = true> <Delay = 0.00> <Core = "LogicGate">   --->   Core 27 'LogicGate' <Latency = 0> <II = 1> <Delay = 0.97> <FuncUnit> <Opcode : 'and' 'or' 'xor'> <InPorts = 2> <OutPorts = 1>
ST_21 : Operation 187 [1/1] (0.00ns) (grouped into LUT with out node ytemp_V_1)   --->   "%tmp_25 = zext i1 %tmp_24 to i40" [mandelbrotHLS/mandel.cpp:27]   --->   Operation 187 'zext' 'tmp_25' <Predicate = true> <Delay = 0.00>
ST_21 : Operation 188 [1/1] (2.88ns) (out node of the LUT)   --->   "%ytemp_V_1 = add nsw i40 %tmp_25, %ytemp_V" [mandelbrotHLS/mandel.cpp:27]   --->   Operation 188 'add' 'ytemp_V_1' <Predicate = true> <Delay = 2.88> <Core = "AddSub">   --->   Core 14 'AddSub' <Latency = 0> <II = 1> <Delay = 2.88> <FuncUnit> <Opcode : 'add' 'sub'> <InPorts = 2> <OutPorts = 1>
ST_21 : Operation 189 [1/1] (0.00ns) (grouped into LUT with out node carry_8)   --->   "%tmp_60 = call i1 @_ssdm_op_BitSelect.i1.i40.i32(i40 %ytemp_V_1, i32 39)" [mandelbrotHLS/mandel.cpp:27]   --->   Operation 189 'bitselect' 'tmp_60' <Predicate = true> <Delay = 0.00>
ST_21 : Operation 190 [1/1] (0.00ns) (grouped into LUT with out node carry_8)   --->   "%rev8 = xor i1 %tmp_60, true" [mandelbrotHLS/mandel.cpp:27]   --->   Operation 190 'xor' 'rev8' <Predicate = true> <Delay = 0.00> <Core = "LogicGate">   --->   Core 27 'LogicGate' <Latency = 0> <II = 1> <Delay = 0.97> <FuncUnit> <Opcode : 'and' 'or' 'xor'> <InPorts = 2> <OutPorts = 1>
ST_21 : Operation 191 [1/1] (0.97ns) (out node of the LUT)   --->   "%carry_8 = and i1 %p_Result_19, %rev8" [mandelbrotHLS/mandel.cpp:27]   --->   Operation 191 'and' 'carry_8' <Predicate = true> <Delay = 0.97> <Core = "LogicGate">   --->   Core 27 'LogicGate' <Latency = 0> <II = 1> <Delay = 0.97> <FuncUnit> <Opcode : 'and' 'or' 'xor'> <InPorts = 2> <OutPorts = 1>
ST_21 : Operation 192 [1/1] (0.00ns)   --->   "%p_Result_20 = call i1 @_ssdm_op_BitSelect.i1.i40.i32(i40 %ytemp_V_1, i32 39)" [mandelbrotHLS/mandel.cpp:27]   --->   Operation 192 'bitselect' 'p_Result_20' <Predicate = true> <Delay = 0.00>
ST_21 : Operation 193 [1/1] (1.44ns)   --->   "%Range2_all_ones_3 = icmp eq i5 %tmp_19, -1" [mandelbrotHLS/mandel.cpp:27]   --->   Operation 193 'icmp' 'Range2_all_ones_3' <Predicate = true> <Delay = 1.44> <Core = "Cmp">   --->   Core 25 'Cmp' <Latency = 0> <II = 1> <Delay = 2.64> <FuncUnit> <Opcode : 'icmp'> <InPorts = 2> <OutPorts = 1>
ST_21 : Operation 194 [1/1] (1.45ns)   --->   "%Range1_all_ones_4 = icmp eq i6 %tmp_26, -1" [mandelbrotHLS/mandel.cpp:27]   --->   Operation 194 'icmp' 'Range1_all_ones_4' <Predicate = true> <Delay = 1.45> <Core = "Cmp">   --->   Core 25 'Cmp' <Latency = 0> <II = 1> <Delay = 2.64> <FuncUnit> <Opcode : 'icmp'> <InPorts = 2> <OutPorts = 1>
ST_21 : Operation 195 [1/1] (1.45ns)   --->   "%Range1_all_zeros_3 = icmp eq i6 %tmp_26, 0" [mandelbrotHLS/mandel.cpp:27]   --->   Operation 195 'icmp' 'Range1_all_zeros_3' <Predicate = true> <Delay = 1.45> <Core = "Cmp">   --->   Core 25 'Cmp' <Latency = 0> <II = 1> <Delay = 2.64> <FuncUnit> <Opcode : 'icmp'> <InPorts = 2> <OutPorts = 1>
ST_21 : Operation 196 [1/1] (0.00ns) (grouped into LUT with out node brmerge1021_demorgan)   --->   "%tmp_62 = call i1 @_ssdm_op_BitSelect.i1.i81.i32(i81 %ret_V_13, i32 75)" [mandelbrotHLS/mandel.cpp:27]   --->   Operation 196 'bitselect' 'tmp_62' <Predicate = true> <Delay = 0.00>
ST_21 : Operation 197 [1/1] (0.00ns) (grouped into LUT with out node brmerge1021_demorgan)   --->   "%rev9 = xor i1 %tmp_62, true" [mandelbrotHLS/mandel.cpp:27]   --->   Operation 197 'xor' 'rev9' <Predicate = true> <Delay = 0.00> <Core = "LogicGate">   --->   Core 27 'LogicGate' <Latency = 0> <II = 1> <Delay = 0.97> <FuncUnit> <Opcode : 'and' 'or' 'xor'> <InPorts = 2> <OutPorts = 1>
ST_21 : Operation 198 [1/1] (0.00ns) (grouped into LUT with out node brmerge1021_demorgan)   --->   "%p_9 = and i1 %Range2_all_ones_3, %rev9" [mandelbrotHLS/mandel.cpp:27]   --->   Operation 198 'and' 'p_9' <Predicate = true> <Delay = 0.00> <Core = "LogicGate">   --->   Core 27 'LogicGate' <Latency = 0> <II = 1> <Delay = 0.97> <FuncUnit> <Opcode : 'and' 'or' 'xor'> <InPorts = 2> <OutPorts = 1>
ST_21 : Operation 199 [1/1] (0.00ns) (grouped into LUT with out node brmerge1021_demorgan)   --->   "%deleted_ones_4 = select i1 %carry_8, i1 %p_9, i1 %Range1_all_ones_4" [mandelbrotHLS/mandel.cpp:27]   --->   Operation 199 'select' 'deleted_ones_4' <Predicate = true> <Delay = 0.00> <Core = "Sel">   --->   Core 26 'Sel' <Latency = 0> <II = 1> <Delay = 1.07> <FuncUnit> <Opcode : 'select'> <InPorts = 3> <OutPorts = 1>
ST_21 : Operation 200 [1/1] (0.99ns) (out node of the LUT)   --->   "%brmerge1021_demorgan = and i1 %p_Result_20, %deleted_ones_4" [mandelbrotHLS/mandel.cpp:27]   --->   Operation 200 'and' 'brmerge1021_demorgan' <Predicate = true> <Delay = 0.99> <Core = "LogicGate">   --->   Core 27 'LogicGate' <Latency = 0> <II = 1> <Delay = 0.97> <FuncUnit> <Opcode : 'and' 'or' 'xor'> <InPorts = 2> <OutPorts = 1>

State 22 <SV = 21> <Delay = 5.09>
ST_22 : Operation 201 [1/1] (0.00ns) (grouped into LUT with out node brmerge8)   --->   "%deleted_zeros_3 = select i1 %carry_8, i1 %Range1_all_ones_4, i1 %Range1_all_zeros_3" [mandelbrotHLS/mandel.cpp:27]   --->   Operation 201 'select' 'deleted_zeros_3' <Predicate = true> <Delay = 0.00> <Core = "Sel">   --->   Core 26 'Sel' <Latency = 0> <II = 1> <Delay = 1.07> <FuncUnit> <Opcode : 'select'> <InPorts = 3> <OutPorts = 1>
ST_22 : Operation 202 [1/1] (0.97ns)   --->   "%phitmp_demorgan = and i1 %carry_8, %Range1_all_ones_4" [mandelbrotHLS/mandel.cpp:27]   --->   Operation 202 'and' 'phitmp_demorgan' <Predicate = true> <Delay = 0.97> <Core = "LogicGate">   --->   Core 27 'LogicGate' <Latency = 0> <II = 1> <Delay = 0.97> <FuncUnit> <Opcode : 'and' 'or' 'xor'> <InPorts = 2> <OutPorts = 1>
ST_22 : Operation 203 [1/1] (0.00ns) (grouped into LUT with out node brmerge8)   --->   "%p_not2 = xor i1 %deleted_zeros_3, true" [mandelbrotHLS/mandel.cpp:27]   --->   Operation 203 'xor' 'p_not2' <Predicate = true> <Delay = 0.00> <Core = "LogicGate">   --->   Core 27 'LogicGate' <Latency = 0> <II = 1> <Delay = 0.97> <FuncUnit> <Opcode : 'and' 'or' 'xor'> <InPorts = 2> <OutPorts = 1>
ST_22 : Operation 204 [1/1] (0.00ns) (grouped into LUT with out node brmerge8)   --->   "%brmerge7 = or i1 %p_Result_20, %p_not2" [mandelbrotHLS/mandel.cpp:27]   --->   Operation 204 'or' 'brmerge7' <Predicate = true> <Delay = 0.00> <Core = "LogicGate">   --->   Core 27 'LogicGate' <Latency = 0> <II = 1> <Delay = 0.97> <FuncUnit> <Opcode : 'and' 'or' 'xor'> <InPorts = 2> <OutPorts = 1>
ST_22 : Operation 205 [1/1] (0.97ns)   --->   "%tmp_27 = xor i1 %p_Result_18, true" [mandelbrotHLS/mandel.cpp:27]   --->   Operation 205 'xor' 'tmp_27' <Predicate = true> <Delay = 0.97> <Core = "LogicGate">   --->   Core 27 'LogicGate' <Latency = 0> <II = 1> <Delay = 0.97> <FuncUnit> <Opcode : 'and' 'or' 'xor'> <InPorts = 2> <OutPorts = 1>
ST_22 : Operation 206 [1/1] (0.00ns) (grouped into LUT with out node brmerge8)   --->   "%overflow_5 = and i1 %brmerge7, %tmp_27" [mandelbrotHLS/mandel.cpp:27]   --->   Operation 206 'and' 'overflow_5' <Predicate = true> <Delay = 0.00> <Core = "LogicGate">   --->   Core 27 'LogicGate' <Latency = 0> <II = 1> <Delay = 0.97> <FuncUnit> <Opcode : 'and' 'or' 'xor'> <InPorts = 2> <OutPorts = 1>
ST_22 : Operation 207 [1/1] (0.00ns) (grouped into LUT with out node underflow_6)   --->   "%tmp5_demorgan = or i1 %phitmp_demorgan, %brmerge1021_demorgan" [mandelbrotHLS/mandel.cpp:27]   --->   Operation 207 'or' 'tmp5_demorgan' <Predicate = true> <Delay = 0.00> <Core = "LogicGate">   --->   Core 27 'LogicGate' <Latency = 0> <II = 1> <Delay = 0.97> <FuncUnit> <Opcode : 'and' 'or' 'xor'> <InPorts = 2> <OutPorts = 1>
ST_22 : Operation 208 [1/1] (0.00ns) (grouped into LUT with out node underflow_6)   --->   "%tmp5 = xor i1 %tmp5_demorgan, true" [mandelbrotHLS/mandel.cpp:27]   --->   Operation 208 'xor' 'tmp5' <Predicate = true> <Delay = 0.00> <Core = "LogicGate">   --->   Core 27 'LogicGate' <Latency = 0> <II = 1> <Delay = 0.97> <FuncUnit> <Opcode : 'and' 'or' 'xor'> <InPorts = 2> <OutPorts = 1>
ST_22 : Operation 209 [1/1] (0.97ns) (out node of the LUT)   --->   "%underflow_6 = and i1 %p_Result_18, %tmp5" [mandelbrotHLS/mandel.cpp:27]   --->   Operation 209 'and' 'underflow_6' <Predicate = true> <Delay = 0.97> <Core = "LogicGate">   --->   Core 27 'LogicGate' <Latency = 0> <II = 1> <Delay = 0.97> <FuncUnit> <Opcode : 'and' 'or' 'xor'> <InPorts = 2> <OutPorts = 1>
ST_22 : Operation 210 [1/1] (0.99ns) (out node of the LUT)   --->   "%brmerge8 = or i1 %underflow_6, %overflow_5" [mandelbrotHLS/mandel.cpp:27]   --->   Operation 210 'or' 'brmerge8' <Predicate = true> <Delay = 0.99> <Core = "LogicGate">   --->   Core 27 'LogicGate' <Latency = 0> <II = 1> <Delay = 0.97> <FuncUnit> <Opcode : 'and' 'or' 'xor'> <InPorts = 2> <OutPorts = 1>
ST_22 : Operation 211 [1/1] (0.00ns) (grouped into LUT with out node y_V)   --->   "%tmp6 = or i1 %brmerge1021_demorgan, %tmp_27" [mandelbrotHLS/mandel.cpp:27]   --->   Operation 211 'or' 'tmp6' <Predicate = true> <Delay = 0.00> <Core = "LogicGate">   --->   Core 27 'LogicGate' <Latency = 0> <II = 1> <Delay = 0.97> <FuncUnit> <Opcode : 'and' 'or' 'xor'> <InPorts = 2> <OutPorts = 1>
ST_22 : Operation 212 [1/1] (0.00ns) (grouped into LUT with out node y_V)   --->   "%p_1037_not = or i1 %tmp6, %phitmp_demorgan" [mandelbrotHLS/mandel.cpp:27]   --->   Operation 212 'or' 'p_1037_not' <Predicate = true> <Delay = 0.00> <Core = "LogicGate">   --->   Core 27 'LogicGate' <Latency = 0> <II = 1> <Delay = 0.97> <FuncUnit> <Opcode : 'and' 'or' 'xor'> <InPorts = 2> <OutPorts = 1>
ST_22 : Operation 213 [1/1] (1.07ns) (out node of the LUT)   --->   "%p_mux6 = select i1 %brmerge8, i40 549755813887, i40 %ytemp_V_1" [mandelbrotHLS/mandel.cpp:27]   --->   Operation 213 'select' 'p_mux6' <Predicate = true> <Delay = 1.07> <Core = "Sel">   --->   Core 26 'Sel' <Latency = 0> <II = 1> <Delay = 1.07> <FuncUnit> <Opcode : 'select'> <InPorts = 3> <OutPorts = 1>
ST_22 : Operation 214 [1/1] (0.00ns) (grouped into LUT with out node y_V)   --->   "%p_1 = select i1 %underflow_6, i40 -549755813888, i40 %ytemp_V_1" [mandelbrotHLS/mandel.cpp:27]   --->   Operation 214 'select' 'p_1' <Predicate = true> <Delay = 0.00> <Core = "Sel">   --->   Core 26 'Sel' <Latency = 0> <II = 1> <Delay = 1.07> <FuncUnit> <Opcode : 'select'> <InPorts = 3> <OutPorts = 1>
ST_22 : Operation 215 [1/1] (1.07ns) (out node of the LUT)   --->   "%y_V = select i1 %p_1037_not, i40 %p_mux6, i40 %p_1" [mandelbrotHLS/mandel.cpp:27]   --->   Operation 215 'select' 'y_V' <Predicate = true> <Delay = 1.07> <Core = "Sel">   --->   Core 26 'Sel' <Latency = 0> <II = 1> <Delay = 1.07> <FuncUnit> <Opcode : 'select'> <InPorts = 3> <OutPorts = 1>

State 23 <SV = 22> <Delay = 3.62>
ST_23 : Operation 216 [1/1] (2.64ns)   --->   "%tmp_29 = icmp eq i40 %y, %y_V" [mandelbrotHLS/mandel.cpp:28]   --->   Operation 216 'icmp' 'tmp_29' <Predicate = true> <Delay = 2.64> <Core = "Cmp">   --->   Core 25 'Cmp' <Latency = 0> <II = 1> <Delay = 2.64> <FuncUnit> <Opcode : 'icmp'> <InPorts = 2> <OutPorts = 1>
ST_23 : Operation 217 [1/1] (0.97ns)   --->   "%or_cond = and i1 %tmp_28, %tmp_29" [mandelbrotHLS/mandel.cpp:28]   --->   Operation 217 'and' 'or_cond' <Predicate = true> <Delay = 0.97> <Core = "LogicGate">   --->   Core 27 'LogicGate' <Latency = 0> <II = 1> <Delay = 0.97> <FuncUnit> <Opcode : 'and' 'or' 'xor'> <InPorts = 2> <OutPorts = 1>

State 24 <SV = 23> <Delay = 3.32>
ST_24 : Operation 218 [1/1] (1.66ns)   --->   "br i1 %or_cond, label %.loopexit.loopexit, label %_ZN8ap_fixedILi40ELi5EL9ap_q_mode4EL9ap_o_mode0ELi0EEC1ILi113ELi43ELb1ELS0_5ELS1_3ELi0EEERK13ap_fixed_baseIXT_EXT0_EXT1_EXT2_EXT3_EXT4_EE.exit._crit_edge" [mandelbrotHLS/mandel.cpp:28]   --->   Operation 218 'br' <Predicate = (!tmp & tmp_s & !tmp_22)> <Delay = 1.66>
ST_24 : Operation 219 [1/1] (0.00ns)   --->   "%empty = call i32 (...)* @_ssdm_op_SpecRegionEnd([17 x i8]* @p_str4, i32 %tmp_1)" [mandelbrotHLS/mandel.cpp:41]   --->   Operation 219 'specregionend' 'empty' <Predicate = (!tmp & tmp_s & !tmp_22 & !or_cond)> <Delay = 0.00>
ST_24 : Operation 220 [1/1] (0.00ns)   --->   "br label %1" [mandelbrotHLS/mandel.cpp:19]   --->   Operation 220 'br' <Predicate = (!tmp & tmp_s & !tmp_22 & !or_cond)> <Delay = 0.00>
ST_24 : Operation 221 [1/1] (0.00ns)   --->   "%iter_2_ph = phi i16 [ %iter, %1 ], [ %iter, %_ZN13ap_fixed_baseILi40ELi5ELb1EL9ap_q_mode4EL9ap_o_mode0ELi0EE19quantization_adjustEbbb.exit.i.i.i.i197_ifconv ], [ %maxIter_read, %_ZN13ap_fixed_baseILi41ELi6ELb1EL9ap_q_mode5EL9ap_o_mode3ELi0EEC1ILi40ELi5ELb1ELS0_4ELS1_0ELi0EEERKS_IXT_EXT0_EXT1_EXT2_EXT3_EXT4_EE.exit9.i_ifconv ]" [mandelbrotHLS/mandel.cpp:19]   --->   Operation 221 'phi' 'iter_2_ph' <Predicate = (!tmp & or_cond) | (!tmp & tmp_22) | (!tmp & !tmp_s)> <Delay = 0.00>
ST_24 : Operation 222 [1/1] (1.66ns)   --->   "br label %.loopexit"   --->   Operation 222 'br' <Predicate = (!tmp & or_cond) | (!tmp & tmp_22) | (!tmp & !tmp_s)> <Delay = 1.66>
ST_24 : Operation 223 [1/1] (0.00ns)   --->   "%iter_2 = phi i16 [ %maxIter_read, %0 ], [ %iter_2_ph, %.loopexit.loopexit ]" [mandelbrotHLS/mandel.cpp:9]   --->   Operation 223 'phi' 'iter_2' <Predicate = (or_cond) | (tmp_22) | (!tmp_s) | (tmp)> <Delay = 0.00>
ST_24 : Operation 224 [1/1] (0.00ns)   --->   "ret i16 %iter_2" [mandelbrotHLS/mandel.cpp:43]   --->   Operation 224 'ret' <Predicate = (or_cond) | (tmp_22) | (!tmp_s) | (tmp)> <Delay = 0.00>


============================================================
+ Verbose Summary: Timing violations
============================================================
Target clock period: 6ns, clock uncertainty: 0.75ns.

 <State 1>: 5.03ns
The critical path consists of the following:
	wire read on port 'y_in_V' (mandelbrotHLS/mandel.cpp:9) [5]  (0 ns)
	'call' operation ('tmp', mandelbrotHLS/mandel.cpp:16) to 'pretest' [7]  (5.03 ns)

 <State 2>: 3.97ns
The critical path consists of the following:
	'call' operation ('tmp', mandelbrotHLS/mandel.cpp:16) to 'pretest' [7]  (3.97 ns)

 <State 3>: 1.66ns
The critical path consists of the following:
	multiplexor before 'phi' operation ('iter_2', mandelbrotHLS/mandel.cpp:9) with incoming values : ('maxIter', mandelbrotHLS/mandel.cpp:9) ('iter', mandelbrotHLS/mandel.cpp:19) [193]  (1.66 ns)

 <State 4>: 4.04ns
The critical path consists of the following:
	'phi' operation ('iter') with incoming values : ('iter', mandelbrotHLS/mandel.cpp:19) [17]  (0 ns)
	'icmp' operation ('tmp_s', mandelbrotHLS/mandel.cpp:19) [18]  (2.38 ns)
	multiplexor before 'phi' operation ('iter_2_ph', mandelbrotHLS/mandel.cpp:19) with incoming values : ('maxIter', mandelbrotHLS/mandel.cpp:9) ('iter', mandelbrotHLS/mandel.cpp:19) [190]  (1.66 ns)

 <State 5>: 3.9ns
The critical path consists of the following:
	'mul' operation ('r.V', mandelbrotHLS/mandel.cpp:20) [26]  (3.9 ns)

 <State 6>: 3.9ns
The critical path consists of the following:
	'mul' operation ('r.V', mandelbrotHLS/mandel.cpp:20) [26]  (3.9 ns)

 <State 7>: 3.9ns
The critical path consists of the following:
	'mul' operation ('r.V', mandelbrotHLS/mandel.cpp:20) [26]  (3.9 ns)

 <State 8>: 3.9ns
The critical path consists of the following:
	'mul' operation ('r.V', mandelbrotHLS/mandel.cpp:20) [26]  (3.9 ns)

 <State 9>: 3.9ns
The critical path consists of the following:
	'mul' operation ('r.V', mandelbrotHLS/mandel.cpp:20) [26]  (3.9 ns)

 <State 10>: 2.49ns
The critical path consists of the following:
	'icmp' operation ('r', mandelbrotHLS/mandel.cpp:20) [31]  (2.49 ns)

 <State 11>: 4.85ns
The critical path consists of the following:
	'add' operation ('x2.V', mandelbrotHLS/mandel.cpp:20) [37]  (2.88 ns)
	'xor' operation ('rev', mandelbrotHLS/mandel.cpp:20) [39]  (0 ns)
	'and' operation ('carry', mandelbrotHLS/mandel.cpp:20) [40]  (0.978 ns)
	'select' operation ('deleted_ones', mandelbrotHLS/mandel.cpp:20) [51]  (0 ns)
	'and' operation ('brmerge1001_demorgan', mandelbrotHLS/mandel.cpp:20) [57]  (0.993 ns)

 <State 12>: 5.1ns
The critical path consists of the following:
	'and' operation ('phitmp997_demorgan', mandelbrotHLS/mandel.cpp:20) [52]  (0.978 ns)
	'or' operation ('tmp1_demorgan', mandelbrotHLS/mandel.cpp:20) [58]  (0 ns)
	'xor' operation ('tmp1', mandelbrotHLS/mandel.cpp:20) [59]  (0 ns)
	'and' operation ('underflow', mandelbrotHLS/mandel.cpp:20) [60]  (0.978 ns)
	'or' operation ('brmerge9', mandelbrotHLS/mandel.cpp:20) [61]  (0.993 ns)
	'select' operation ('p_mux', mandelbrotHLS/mandel.cpp:20) [64]  (1.07 ns)
	'select' operation ('__Val2__', mandelbrotHLS/mandel.cpp:20) [66]  (1.07 ns)

 <State 13>: 2.88ns
The critical path consists of the following:
	'add' operation ('ret.V', mandelbrotHLS/mandel.cpp:24) [111]  (2.88 ns)

 <State 14>: 4.32ns
The critical path consists of the following:
	'icmp' operation ('tmp_22', mandelbrotHLS/mandel.cpp:24) [112]  (2.66 ns)
	multiplexor before 'phi' operation ('iter_2_ph', mandelbrotHLS/mandel.cpp:19) with incoming values : ('maxIter', mandelbrotHLS/mandel.cpp:9) ('iter', mandelbrotHLS/mandel.cpp:19) [190]  (1.66 ns)

 <State 15>: 4.83ns
The critical path consists of the following:
	'add' operation ('ret.V', mandelbrotHLS/mandel.cpp:26) [118]  (2.91 ns)
	'icmp' operation ('p_not9', mandelbrotHLS/mandel.cpp:26) [123]  (0.937 ns)
	'or' operation ('brmerge3', mandelbrotHLS/mandel.cpp:26) [124]  (0 ns)
	'and' operation ('overflow', mandelbrotHLS/mandel.cpp:26) [126]  (0.978 ns)

 <State 16>: 4.8ns
The critical path consists of the following:
	'or' operation ('brmerge5', mandelbrotHLS/mandel.cpp:26) [131]  (0 ns)
	'select' operation ('p_mux5', mandelbrotHLS/mandel.cpp:26) [134]  (1.07 ns)
	'select' operation ('x.V', mandelbrotHLS/mandel.cpp:26) [136]  (1.07 ns)
	'icmp' operation ('tmp_28', mandelbrotHLS/mandel.cpp:28) [182]  (2.65 ns)

 <State 17>: 3.9ns
The critical path consists of the following:
	'mul' operation ('r.V', mandelbrotHLS/mandel.cpp:27) [140]  (3.9 ns)

 <State 18>: 3.9ns
The critical path consists of the following:
	'mul' operation ('r.V', mandelbrotHLS/mandel.cpp:27) [140]  (3.9 ns)

 <State 19>: 3.9ns
The critical path consists of the following:
	'mul' operation ('r.V', mandelbrotHLS/mandel.cpp:27) [140]  (3.9 ns)

 <State 20>: 4.05ns
The critical path consists of the following:
	'add' operation ('ret.V', mandelbrotHLS/mandel.cpp:27) [141]  (4.05 ns)

 <State 21>: 4.85ns
The critical path consists of the following:
	'add' operation ('ytemp.V', mandelbrotHLS/mandel.cpp:27) [152]  (2.88 ns)
	'xor' operation ('rev8', mandelbrotHLS/mandel.cpp:27) [154]  (0 ns)
	'and' operation ('carry', mandelbrotHLS/mandel.cpp:27) [155]  (0.978 ns)
	'select' operation ('deleted_ones', mandelbrotHLS/mandel.cpp:27) [166]  (0 ns)
	'and' operation ('brmerge1021_demorgan', mandelbrotHLS/mandel.cpp:27) [172]  (0.993 ns)

 <State 22>: 5.1ns
The critical path consists of the following:
	'and' operation ('phitmp_demorgan', mandelbrotHLS/mandel.cpp:27) [167]  (0.978 ns)
	'or' operation ('tmp5_demorgan', mandelbrotHLS/mandel.cpp:27) [173]  (0 ns)
	'xor' operation ('tmp5', mandelbrotHLS/mandel.cpp:27) [174]  (0 ns)
	'and' operation ('underflow', mandelbrotHLS/mandel.cpp:27) [175]  (0.978 ns)
	'or' operation ('brmerge8', mandelbrotHLS/mandel.cpp:27) [176]  (0.993 ns)
	'select' operation ('p_mux6', mandelbrotHLS/mandel.cpp:27) [179]  (1.07 ns)
	'select' operation ('y.V', mandelbrotHLS/mandel.cpp:27) [181]  (1.07 ns)

 <State 23>: 3.63ns
The critical path consists of the following:
	'icmp' operation ('tmp_29', mandelbrotHLS/mandel.cpp:28) [183]  (2.65 ns)
	'and' operation ('or_cond', mandelbrotHLS/mandel.cpp:28) [184]  (0.978 ns)

 <State 24>: 3.33ns
The critical path consists of the following:
	multiplexor before 'phi' operation ('iter_2_ph', mandelbrotHLS/mandel.cpp:19) with incoming values : ('maxIter', mandelbrotHLS/mandel.cpp:9) ('iter', mandelbrotHLS/mandel.cpp:19) [190]  (1.66 ns)
	'phi' operation ('iter_2_ph', mandelbrotHLS/mandel.cpp:19) with incoming values : ('maxIter', mandelbrotHLS/mandel.cpp:9) ('iter', mandelbrotHLS/mandel.cpp:19) [190]  (0 ns)
	multiplexor before 'phi' operation ('iter_2', mandelbrotHLS/mandel.cpp:9) with incoming values : ('maxIter', mandelbrotHLS/mandel.cpp:9) ('iter', mandelbrotHLS/mandel.cpp:19) [193]  (1.66 ns)
	'phi' operation ('iter_2', mandelbrotHLS/mandel.cpp:9) with incoming values : ('maxIter', mandelbrotHLS/mandel.cpp:9) ('iter', mandelbrotHLS/mandel.cpp:19) [193]  (0 ns)


============================================================
+ Verbose Summary: Binding
============================================================
N/A
* FSMD analyzer results:
  - Output states:
 - Input state : 
  - Chain level:
	State 1
	State 2
	State 3
	State 4
	State 5
	State 6
	State 7
	State 8
	State 9
	State 10
	State 11
	State 12
	State 13
	State 14
	State 15
	State 16
	State 17
	State 18
	State 19
	State 20
	State 21
	State 22
	State 23
	State 24


============================================================
+ Verbose Summary: Datapath Resource usage 
============================================================
N/A
